INFO - 2024-06-10 06:40:42 --> Session: Class initialized using 'CodeIgniter\Session\Handlers\FileHandler' driver.
INFO - 2024-06-10 06:40:43 --> Session: Class initialized using 'CodeIgniter\Session\Handlers\FileHandler' driver.
INFO - 2024-06-10 06:41:03 --> Session: Class initialized using 'CodeIgniter\Session\Handlers\FileHandler' driver.
INFO - 2024-06-10 06:41:07 --> Session: Class initialized using 'CodeIgniter\Session\Handlers\FileHandler' driver.
INFO - 2024-06-10 06:41:16 --> Session: Class initialized using 'CodeIgniter\Session\Handlers\FileHandler' driver.
INFO - 2024-06-10 06:47:16 --> Session: Class initialized using 'CodeIgniter\Session\Handlers\FileHandler' driver.
CRITICAL - 2024-06-10 06:47:20 --> ErrorException: Undefined variable $karyawan
in APPPATH\Views\data_alternatif.php on line 42.
 1 APPPATH\Views\data_alternatif.php(42): CodeIgniter\Debug\Exceptions->errorHandler(2, 'Undefined variable $karyawan', 'C:\\laragon\\www\\SPK_MOORA\\app\\Views\\data_alternatif.php', 42)
 2 SYSTEMPATH\View\View.php(228): include('C:\\laragon\\www\\SPK_MOORA\\app\\Views\\data_alternatif.php')
 3 SYSTEMPATH\View\View.php(231): CodeIgniter\View\View->CodeIgniter\View\{closure}()
 4 SYSTEMPATH\Common.php(1178): CodeIgniter\View\View->render('data_alternatif', [], true)
 5 APPPATH\Controllers\DataAlternatif.php(12): view('data_alternatif')
 6 SYSTEMPATH\CodeIgniter.php(941): App\Controllers\DataAlternatif->index()
 7 SYSTEMPATH\CodeIgniter.php(502): CodeIgniter\CodeIgniter->runController(Object(App\Controllers\DataAlternatif))
 8 SYSTEMPATH\CodeIgniter.php(361): CodeIgniter\CodeIgniter->handleRequest(null, Object(Config\Cache), false)
 9 FCPATH\index.php(79): CodeIgniter\CodeIgniter->run()
10 SYSTEMPATH\Commands\Server\rewrite.php(47): require_once('C:\\laragon\\www\\SPK_MOORA\\public\\index.php')
CRITICAL - 2024-06-10 06:47:57 --> ErrorException: Undefined variable $karyawan
in APPPATH\Views\data_alternatif.php on line 98.
 1 APPPATH\Views\data_alternatif.php(98): CodeIgniter\Debug\Exceptions->errorHandler(2, 'Undefined variable $karyawan', 'C:\\laragon\\www\\SPK_MOORA\\app\\Views\\data_alternatif.php', 98)
 2 SYSTEMPATH\View\View.php(228): include('C:\\laragon\\www\\SPK_MOORA\\app\\Views\\data_alternatif.php')
 3 SYSTEMPATH\View\View.php(231): CodeIgniter\View\View->CodeIgniter\View\{closure}()
 4 SYSTEMPATH\Common.php(1178): CodeIgniter\View\View->render('data_alternatif', [], true)
 5 APPPATH\Controllers\DataAlternatif.php(12): view('data_alternatif')
 6 SYSTEMPATH\CodeIgniter.php(941): App\Controllers\DataAlternatif->index()
 7 SYSTEMPATH\CodeIgniter.php(502): CodeIgniter\CodeIgniter->runController(Object(App\Controllers\DataAlternatif))
 8 SYSTEMPATH\CodeIgniter.php(361): CodeIgniter\CodeIgniter->handleRequest(null, Object(Config\Cache), false)
 9 FCPATH\index.php(79): CodeIgniter\CodeIgniter->run()
10 SYSTEMPATH\Commands\Server\rewrite.php(47): require_once('C:\\laragon\\www\\SPK_MOORA\\public\\index.php')
INFO - 2024-06-10 06:50:45 --> Session: Class initialized using 'CodeIgniter\Session\Handlers\FileHandler' driver.
INFO - 2024-06-10 06:52:12 --> Session: Class initialized using 'CodeIgniter\Session\Handlers\FileHandler' driver.
INFO - 2024-06-10 06:52:44 --> Session: Class initialized using 'CodeIgniter\Session\Handlers\FileHandler' driver.
INFO - 2024-06-10 06:56:00 --> Session: Class initialized using 'CodeIgniter\Session\Handlers\FileHandler' driver.
