INFO - 2024-06-14 10:02:34 --> Session: Class initialized using 'CodeIgniter\Session\Handlers\FileHandler' driver.
INFO - 2024-06-14 10:02:36 --> Session: Class initialized using 'CodeIgniter\Session\Handlers\FileHandler' driver.
INFO - 2024-06-14 10:02:56 --> Session: Class initialized using 'CodeIgniter\Session\Handlers\FileHandler' driver.
INFO - 2024-06-14 10:02:59 --> Session: Class initialized using 'CodeIgniter\Session\Handlers\FileHandler' driver.
INFO - 2024-06-14 10:05:54 --> Session: Class initialized using 'CodeIgniter\Session\Handlers\FileHandler' driver.
INFO - 2024-06-14 10:06:47 --> Session: Class initialized using 'CodeIgniter\Session\Handlers\FileHandler' driver.
INFO - 2024-06-14 10:06:53 --> Session: Class initialized using 'CodeIgniter\Session\Handlers\FileHandler' driver.
INFO - 2024-06-14 13:26:54 --> Session: Class initialized using 'CodeIgniter\Session\Handlers\FileHandler' driver.
INFO - 2024-06-14 13:26:55 --> Session: Class initialized using 'CodeIgniter\Session\Handlers\FileHandler' driver.
INFO - 2024-06-14 13:26:58 --> Session: Class initialized using 'CodeIgniter\Session\Handlers\FileHandler' driver.
INFO - 2024-06-14 13:26:58 --> Session: Class initialized using 'CodeIgniter\Session\Handlers\FileHandler' driver.
INFO - 2024-06-14 13:32:34 --> Session: Class initialized using 'CodeIgniter\Session\Handlers\FileHandler' driver.
CRITICAL - 2024-06-14 13:37:44 --> ErrorException: Undefined array key "K1"
in APPPATH\Views\penilaian_karyawan.php on line 145.
 1 APPPATH\Views\penilaian_karyawan.php(145): CodeIgniter\Debug\Exceptions->errorHandler(2, 'Undefined array key "K1"', 'C:\\laragon\\www\\spkmoora\\app\\Views\\penilaian_karyawan.php', 145)
 2 SYSTEMPATH\View\View.php(228): include('C:\\laragon\\www\\spkmoora\\app\\Views\\penilaian_karyawan.php')
 3 SYSTEMPATH\View\View.php(231): CodeIgniter\View\View->CodeIgniter\View\{closure}()
 4 SYSTEMPATH\Common.php(1178): CodeIgniter\View\View->render('penilaian_karyawan', [], true)
 5 APPPATH\Controllers\PenilaianKaryawan.php(35): view('penilaian_karyawan', [...])
 6 SYSTEMPATH\CodeIgniter.php(941): App\Controllers\PenilaianKaryawan->index()
 7 SYSTEMPATH\CodeIgniter.php(502): CodeIgniter\CodeIgniter->runController(Object(App\Controllers\PenilaianKaryawan))
 8 SYSTEMPATH\CodeIgniter.php(361): CodeIgniter\CodeIgniter->handleRequest(null, Object(Config\Cache), false)
 9 FCPATH\index.php(79): CodeIgniter\CodeIgniter->run()
10 SYSTEMPATH\Commands\Server\rewrite.php(47): require_once('C:\\laragon\\www\\spkmoora\\public\\index.php')
CRITICAL - 2024-06-14 13:37:53 --> ErrorException: Undefined array key "K1"
in APPPATH\Views\penilaian_karyawan.php on line 145.
 1 APPPATH\Views\penilaian_karyawan.php(145): CodeIgniter\Debug\Exceptions->errorHandler(2, 'Undefined array key "K1"', 'C:\\laragon\\www\\spkmoora\\app\\Views\\penilaian_karyawan.php', 145)
 2 SYSTEMPATH\View\View.php(228): include('C:\\laragon\\www\\spkmoora\\app\\Views\\penilaian_karyawan.php')
 3 SYSTEMPATH\View\View.php(231): CodeIgniter\View\View->CodeIgniter\View\{closure}()
 4 SYSTEMPATH\Common.php(1178): CodeIgniter\View\View->render('penilaian_karyawan', [], true)
 5 APPPATH\Controllers\PenilaianKaryawan.php(35): view('penilaian_karyawan', [...])
 6 SYSTEMPATH\CodeIgniter.php(941): App\Controllers\PenilaianKaryawan->index()
 7 SYSTEMPATH\CodeIgniter.php(502): CodeIgniter\CodeIgniter->runController(Object(App\Controllers\PenilaianKaryawan))
 8 SYSTEMPATH\CodeIgniter.php(361): CodeIgniter\CodeIgniter->handleRequest(null, Object(Config\Cache), false)
 9 FCPATH\index.php(79): CodeIgniter\CodeIgniter->run()
10 SYSTEMPATH\Commands\Server\rewrite.php(47): require_once('C:\\laragon\\www\\spkmoora\\public\\index.php')
CRITICAL - 2024-06-14 13:42:04 --> ErrorException: Undefined array key "K1"
in APPPATH\Views\penilaian_karyawan.php on line 146.
 1 APPPATH\Views\penilaian_karyawan.php(146): CodeIgniter\Debug\Exceptions->errorHandler(2, 'Undefined array key "K1"', 'C:\\laragon\\www\\spkmoora\\app\\Views\\penilaian_karyawan.php', 146)
 2 SYSTEMPATH\View\View.php(228): include('C:\\laragon\\www\\spkmoora\\app\\Views\\penilaian_karyawan.php')
 3 SYSTEMPATH\View\View.php(231): CodeIgniter\View\View->CodeIgniter\View\{closure}()
 4 SYSTEMPATH\Common.php(1178): CodeIgniter\View\View->render('penilaian_karyawan', [], true)
 5 APPPATH\Controllers\PenilaianKaryawan.php(35): view('penilaian_karyawan', [...])
 6 SYSTEMPATH\CodeIgniter.php(941): App\Controllers\PenilaianKaryawan->index()
 7 SYSTEMPATH\CodeIgniter.php(502): CodeIgniter\CodeIgniter->runController(Object(App\Controllers\PenilaianKaryawan))
 8 SYSTEMPATH\CodeIgniter.php(361): CodeIgniter\CodeIgniter->handleRequest(null, Object(Config\Cache), false)
 9 FCPATH\index.php(79): CodeIgniter\CodeIgniter->run()
10 SYSTEMPATH\Commands\Server\rewrite.php(47): require_once('C:\\laragon\\www\\spkmoora\\public\\index.php')
CRITICAL - 2024-06-14 13:42:43 --> ErrorException: Undefined array key "K1"
in APPPATH\Views\penilaian_karyawan.php on line 146.
 1 APPPATH\Views\penilaian_karyawan.php(146): CodeIgniter\Debug\Exceptions->errorHandler(2, 'Undefined array key "K1"', 'C:\\laragon\\www\\spkmoora\\app\\Views\\penilaian_karyawan.php', 146)
 2 SYSTEMPATH\View\View.php(228): include('C:\\laragon\\www\\spkmoora\\app\\Views\\penilaian_karyawan.php')
 3 SYSTEMPATH\View\View.php(231): CodeIgniter\View\View->CodeIgniter\View\{closure}()
 4 SYSTEMPATH\Common.php(1178): CodeIgniter\View\View->render('penilaian_karyawan', [], true)
 5 APPPATH\Controllers\PenilaianKaryawan.php(35): view('penilaian_karyawan', [...])
 6 SYSTEMPATH\CodeIgniter.php(941): App\Controllers\PenilaianKaryawan->index()
 7 SYSTEMPATH\CodeIgniter.php(502): CodeIgniter\CodeIgniter->runController(Object(App\Controllers\PenilaianKaryawan))
 8 SYSTEMPATH\CodeIgniter.php(361): CodeIgniter\CodeIgniter->handleRequest(null, Object(Config\Cache), false)
 9 FCPATH\index.php(79): CodeIgniter\CodeIgniter->run()
10 SYSTEMPATH\Commands\Server\rewrite.php(47): require_once('C:\\laragon\\www\\spkmoora\\public\\index.php')
CRITICAL - 2024-06-14 13:45:56 --> ErrorException: Undefined array key "K1"
in APPPATH\Views\penilaian_karyawan.php on line 146.
 1 APPPATH\Views\penilaian_karyawan.php(146): CodeIgniter\Debug\Exceptions->errorHandler(2, 'Undefined array key "K1"', 'C:\\laragon\\www\\spkmoora\\app\\Views\\penilaian_karyawan.php', 146)
 2 SYSTEMPATH\View\View.php(228): include('C:\\laragon\\www\\spkmoora\\app\\Views\\penilaian_karyawan.php')
 3 SYSTEMPATH\View\View.php(231): CodeIgniter\View\View->CodeIgniter\View\{closure}()
 4 SYSTEMPATH\Common.php(1178): CodeIgniter\View\View->render('penilaian_karyawan', [], true)
 5 APPPATH\Controllers\PenilaianKaryawan.php(35): view('penilaian_karyawan', [...])
 6 SYSTEMPATH\CodeIgniter.php(941): App\Controllers\PenilaianKaryawan->index()
 7 SYSTEMPATH\CodeIgniter.php(502): CodeIgniter\CodeIgniter->runController(Object(App\Controllers\PenilaianKaryawan))
 8 SYSTEMPATH\CodeIgniter.php(361): CodeIgniter\CodeIgniter->handleRequest(null, Object(Config\Cache), false)
 9 FCPATH\index.php(79): CodeIgniter\CodeIgniter->run()
10 SYSTEMPATH\Commands\Server\rewrite.php(47): require_once('C:\\laragon\\www\\spkmoora\\public\\index.php')
CRITICAL - 2024-06-14 13:50:32 --> ErrorException: Undefined array key "kode_kriteria"
in APPPATH\Views\penilaian_karyawan.php on line 118.
 1 APPPATH\Views\penilaian_karyawan.php(118): CodeIgniter\Debug\Exceptions->errorHandler(2, 'Undefined array key "kode_kriteria"', 'C:\\laragon\\www\\spkmoora\\app\\Views\\penilaian_karyawan.php', 118)
 2 SYSTEMPATH\View\View.php(228): include('C:\\laragon\\www\\spkmoora\\app\\Views\\penilaian_karyawan.php')
 3 SYSTEMPATH\View\View.php(231): CodeIgniter\View\View->CodeIgniter\View\{closure}()
 4 SYSTEMPATH\Common.php(1178): CodeIgniter\View\View->render('penilaian_karyawan', [], true)
 5 APPPATH\Controllers\PenilaianKaryawan.php(35): view('penilaian_karyawan', [...])
 6 SYSTEMPATH\CodeIgniter.php(941): App\Controllers\PenilaianKaryawan->index()
 7 SYSTEMPATH\CodeIgniter.php(502): CodeIgniter\CodeIgniter->runController(Object(App\Controllers\PenilaianKaryawan))
 8 SYSTEMPATH\CodeIgniter.php(361): CodeIgniter\CodeIgniter->handleRequest(null, Object(Config\Cache), false)
 9 FCPATH\index.php(79): CodeIgniter\CodeIgniter->run()
10 SYSTEMPATH\Commands\Server\rewrite.php(47): require_once('C:\\laragon\\www\\spkmoora\\public\\index.php')
CRITICAL - 2024-06-14 13:51:25 --> ErrorException: Undefined array key "K1"
in APPPATH\Views\penilaian_karyawan.php on line 145.
 1 APPPATH\Views\penilaian_karyawan.php(145): CodeIgniter\Debug\Exceptions->errorHandler(2, 'Undefined array key "K1"', 'C:\\laragon\\www\\spkmoora\\app\\Views\\penilaian_karyawan.php', 145)
 2 SYSTEMPATH\View\View.php(228): include('C:\\laragon\\www\\spkmoora\\app\\Views\\penilaian_karyawan.php')
 3 SYSTEMPATH\View\View.php(231): CodeIgniter\View\View->CodeIgniter\View\{closure}()
 4 SYSTEMPATH\Common.php(1178): CodeIgniter\View\View->render('penilaian_karyawan', [], true)
 5 APPPATH\Controllers\PenilaianKaryawan.php(35): view('penilaian_karyawan', [...])
 6 SYSTEMPATH\CodeIgniter.php(941): App\Controllers\PenilaianKaryawan->index()
 7 SYSTEMPATH\CodeIgniter.php(502): CodeIgniter\CodeIgniter->runController(Object(App\Controllers\PenilaianKaryawan))
 8 SYSTEMPATH\CodeIgniter.php(361): CodeIgniter\CodeIgniter->handleRequest(null, Object(Config\Cache), false)
 9 FCPATH\index.php(79): CodeIgniter\CodeIgniter->run()
10 SYSTEMPATH\Commands\Server\rewrite.php(47): require_once('C:\\laragon\\www\\spkmoora\\public\\index.php')
CRITICAL - 2024-06-14 13:52:55 --> ErrorException: Undefined array key "K1"
in APPPATH\Views\penilaian_karyawan.php on line 145.
 1 APPPATH\Views\penilaian_karyawan.php(145): CodeIgniter\Debug\Exceptions->errorHandler(2, 'Undefined array key "K1"', 'C:\\laragon\\www\\spkmoora\\app\\Views\\penilaian_karyawan.php', 145)
 2 SYSTEMPATH\View\View.php(228): include('C:\\laragon\\www\\spkmoora\\app\\Views\\penilaian_karyawan.php')
 3 SYSTEMPATH\View\View.php(231): CodeIgniter\View\View->CodeIgniter\View\{closure}()
 4 SYSTEMPATH\Common.php(1178): CodeIgniter\View\View->render('penilaian_karyawan', [], true)
 5 APPPATH\Controllers\PenilaianKaryawan.php(35): view('penilaian_karyawan', [...])
 6 SYSTEMPATH\CodeIgniter.php(941): App\Controllers\PenilaianKaryawan->index()
 7 SYSTEMPATH\CodeIgniter.php(502): CodeIgniter\CodeIgniter->runController(Object(App\Controllers\PenilaianKaryawan))
 8 SYSTEMPATH\CodeIgniter.php(361): CodeIgniter\CodeIgniter->handleRequest(null, Object(Config\Cache), false)
 9 FCPATH\index.php(79): CodeIgniter\CodeIgniter->run()
10 SYSTEMPATH\Commands\Server\rewrite.php(47): require_once('C:\\laragon\\www\\spkmoora\\public\\index.php')
CRITICAL - 2024-06-14 13:54:41 --> ErrorException: Undefined array key 12
in APPPATH\Views\penilaian_karyawan.php on line 145.
 1 APPPATH\Views\penilaian_karyawan.php(145): CodeIgniter\Debug\Exceptions->errorHandler(2, 'Undefined array key 12', 'C:\\laragon\\www\\spkmoora\\app\\Views\\penilaian_karyawan.php', 145)
 2 SYSTEMPATH\View\View.php(228): include('C:\\laragon\\www\\spkmoora\\app\\Views\\penilaian_karyawan.php')
 3 SYSTEMPATH\View\View.php(231): CodeIgniter\View\View->CodeIgniter\View\{closure}()
 4 SYSTEMPATH\Common.php(1178): CodeIgniter\View\View->render('penilaian_karyawan', [], true)
 5 APPPATH\Controllers\PenilaianKaryawan.php(35): view('penilaian_karyawan', [...])
 6 SYSTEMPATH\CodeIgniter.php(941): App\Controllers\PenilaianKaryawan->index()
 7 SYSTEMPATH\CodeIgniter.php(502): CodeIgniter\CodeIgniter->runController(Object(App\Controllers\PenilaianKaryawan))
 8 SYSTEMPATH\CodeIgniter.php(361): CodeIgniter\CodeIgniter->handleRequest(null, Object(Config\Cache), false)
 9 FCPATH\index.php(79): CodeIgniter\CodeIgniter->run()
10 SYSTEMPATH\Commands\Server\rewrite.php(47): require_once('C:\\laragon\\www\\spkmoora\\public\\index.php')
CRITICAL - 2024-06-14 14:02:46 --> ErrorException: Undefined array key 12
in APPPATH\Views\penilaian_karyawan.php on line 145.
 1 APPPATH\Views\penilaian_karyawan.php(145): CodeIgniter\Debug\Exceptions->errorHandler(2, 'Undefined array key 12', 'C:\\laragon\\www\\spkmoora\\app\\Views\\penilaian_karyawan.php', 145)
 2 SYSTEMPATH\View\View.php(228): include('C:\\laragon\\www\\spkmoora\\app\\Views\\penilaian_karyawan.php')
 3 SYSTEMPATH\View\View.php(231): CodeIgniter\View\View->CodeIgniter\View\{closure}()
 4 SYSTEMPATH\Common.php(1178): CodeIgniter\View\View->render('penilaian_karyawan', [], true)
 5 APPPATH\Controllers\PenilaianKaryawan.php(35): view('penilaian_karyawan', [...])
 6 SYSTEMPATH\CodeIgniter.php(941): App\Controllers\PenilaianKaryawan->index()
 7 SYSTEMPATH\CodeIgniter.php(502): CodeIgniter\CodeIgniter->runController(Object(App\Controllers\PenilaianKaryawan))
 8 SYSTEMPATH\CodeIgniter.php(361): CodeIgniter\CodeIgniter->handleRequest(null, Object(Config\Cache), false)
 9 FCPATH\index.php(79): CodeIgniter\CodeIgniter->run()
10 SYSTEMPATH\Commands\Server\rewrite.php(47): require_once('C:\\laragon\\www\\spkmoora\\public\\index.php')
CRITICAL - 2024-06-14 14:06:43 --> ErrorException: Undefined array key 12
in APPPATH\Views\penilaian_karyawan.php on line 145.
 1 APPPATH\Views\penilaian_karyawan.php(145): CodeIgniter\Debug\Exceptions->errorHandler(2, 'Undefined array key 12', 'C:\\laragon\\www\\spkmoora\\app\\Views\\penilaian_karyawan.php', 145)
 2 SYSTEMPATH\View\View.php(228): include('C:\\laragon\\www\\spkmoora\\app\\Views\\penilaian_karyawan.php')
 3 SYSTEMPATH\View\View.php(231): CodeIgniter\View\View->CodeIgniter\View\{closure}()
 4 SYSTEMPATH\Common.php(1178): CodeIgniter\View\View->render('penilaian_karyawan', [], true)
 5 APPPATH\Controllers\PenilaianKaryawan.php(35): view('penilaian_karyawan', [...])
 6 SYSTEMPATH\CodeIgniter.php(941): App\Controllers\PenilaianKaryawan->index()
 7 SYSTEMPATH\CodeIgniter.php(502): CodeIgniter\CodeIgniter->runController(Object(App\Controllers\PenilaianKaryawan))
 8 SYSTEMPATH\CodeIgniter.php(361): CodeIgniter\CodeIgniter->handleRequest(null, Object(Config\Cache), false)
 9 FCPATH\index.php(79): CodeIgniter\CodeIgniter->run()
10 SYSTEMPATH\Commands\Server\rewrite.php(47): require_once('C:\\laragon\\www\\spkmoora\\public\\index.php')
CRITICAL - 2024-06-14 14:07:21 --> ErrorException: Undefined array key 12
in APPPATH\Views\penilaian_karyawan.php on line 145.
 1 APPPATH\Views\penilaian_karyawan.php(145): CodeIgniter\Debug\Exceptions->errorHandler(2, 'Undefined array key 12', 'C:\\laragon\\www\\spkmoora\\app\\Views\\penilaian_karyawan.php', 145)
 2 SYSTEMPATH\View\View.php(228): include('C:\\laragon\\www\\spkmoora\\app\\Views\\penilaian_karyawan.php')
 3 SYSTEMPATH\View\View.php(231): CodeIgniter\View\View->CodeIgniter\View\{closure}()
 4 SYSTEMPATH\Common.php(1178): CodeIgniter\View\View->render('penilaian_karyawan', [], true)
 5 APPPATH\Controllers\PenilaianKaryawan.php(35): view('penilaian_karyawan', [...])
 6 SYSTEMPATH\CodeIgniter.php(941): App\Controllers\PenilaianKaryawan->index()
 7 SYSTEMPATH\CodeIgniter.php(502): CodeIgniter\CodeIgniter->runController(Object(App\Controllers\PenilaianKaryawan))
 8 SYSTEMPATH\CodeIgniter.php(361): CodeIgniter\CodeIgniter->handleRequest(null, Object(Config\Cache), false)
 9 FCPATH\index.php(79): CodeIgniter\CodeIgniter->run()
10 SYSTEMPATH\Commands\Server\rewrite.php(47): require_once('C:\\laragon\\www\\spkmoora\\public\\index.php')
CRITICAL - 2024-06-14 14:07:54 --> ErrorException: Undefined array key "nilai"
in APPPATH\Views\penilaian_karyawan.php on line 145.
 1 APPPATH\Views\penilaian_karyawan.php(145): CodeIgniter\Debug\Exceptions->errorHandler(2, 'Undefined array key "nilai"', 'C:\\laragon\\www\\spkmoora\\app\\Views\\penilaian_karyawan.php', 145)
 2 SYSTEMPATH\View\View.php(228): include('C:\\laragon\\www\\spkmoora\\app\\Views\\penilaian_karyawan.php')
 3 SYSTEMPATH\View\View.php(231): CodeIgniter\View\View->CodeIgniter\View\{closure}()
 4 SYSTEMPATH\Common.php(1178): CodeIgniter\View\View->render('penilaian_karyawan', [], true)
 5 APPPATH\Controllers\PenilaianKaryawan.php(35): view('penilaian_karyawan', [...])
 6 SYSTEMPATH\CodeIgniter.php(941): App\Controllers\PenilaianKaryawan->index()
 7 SYSTEMPATH\CodeIgniter.php(502): CodeIgniter\CodeIgniter->runController(Object(App\Controllers\PenilaianKaryawan))
 8 SYSTEMPATH\CodeIgniter.php(361): CodeIgniter\CodeIgniter->handleRequest(null, Object(Config\Cache), false)
 9 FCPATH\index.php(79): CodeIgniter\CodeIgniter->run()
10 SYSTEMPATH\Commands\Server\rewrite.php(47): require_once('C:\\laragon\\www\\spkmoora\\public\\index.php')
CRITICAL - 2024-06-14 14:08:18 --> ErrorException: Undefined array key "k1_ket"
in APPPATH\Views\penilaian_karyawan.php on line 145.
 1 APPPATH\Views\penilaian_karyawan.php(145): CodeIgniter\Debug\Exceptions->errorHandler(2, 'Undefined array key "k1_ket"', 'C:\\laragon\\www\\spkmoora\\app\\Views\\penilaian_karyawan.php', 145)
 2 SYSTEMPATH\View\View.php(228): include('C:\\laragon\\www\\spkmoora\\app\\Views\\penilaian_karyawan.php')
 3 SYSTEMPATH\View\View.php(231): CodeIgniter\View\View->CodeIgniter\View\{closure}()
 4 SYSTEMPATH\Common.php(1178): CodeIgniter\View\View->render('penilaian_karyawan', [], true)
 5 APPPATH\Controllers\PenilaianKaryawan.php(35): view('penilaian_karyawan', [...])
 6 SYSTEMPATH\CodeIgniter.php(941): App\Controllers\PenilaianKaryawan->index()
 7 SYSTEMPATH\CodeIgniter.php(502): CodeIgniter\CodeIgniter->runController(Object(App\Controllers\PenilaianKaryawan))
 8 SYSTEMPATH\CodeIgniter.php(361): CodeIgniter\CodeIgniter->handleRequest(null, Object(Config\Cache), false)
 9 FCPATH\index.php(79): CodeIgniter\CodeIgniter->run()
10 SYSTEMPATH\Commands\Server\rewrite.php(47): require_once('C:\\laragon\\www\\spkmoora\\public\\index.php')
CRITICAL - 2024-06-14 14:08:29 --> ErrorException: Undefined array key "k1_ket"
in APPPATH\Views\penilaian_karyawan.php on line 145.
 1 APPPATH\Views\penilaian_karyawan.php(145): CodeIgniter\Debug\Exceptions->errorHandler(2, 'Undefined array key "k1_ket"', 'C:\\laragon\\www\\spkmoora\\app\\Views\\penilaian_karyawan.php', 145)
 2 SYSTEMPATH\View\View.php(228): include('C:\\laragon\\www\\spkmoora\\app\\Views\\penilaian_karyawan.php')
 3 SYSTEMPATH\View\View.php(231): CodeIgniter\View\View->CodeIgniter\View\{closure}()
 4 SYSTEMPATH\Common.php(1178): CodeIgniter\View\View->render('penilaian_karyawan', [], true)
 5 APPPATH\Controllers\PenilaianKaryawan.php(35): view('penilaian_karyawan', [...])
 6 SYSTEMPATH\CodeIgniter.php(941): App\Controllers\PenilaianKaryawan->index()
 7 SYSTEMPATH\CodeIgniter.php(502): CodeIgniter\CodeIgniter->runController(Object(App\Controllers\PenilaianKaryawan))
 8 SYSTEMPATH\CodeIgniter.php(361): CodeIgniter\CodeIgniter->handleRequest(null, Object(Config\Cache), false)
 9 FCPATH\index.php(79): CodeIgniter\CodeIgniter->run()
10 SYSTEMPATH\Commands\Server\rewrite.php(47): require_once('C:\\laragon\\www\\spkmoora\\public\\index.php')
ERROR - 2024-06-14 14:33:44 --> mysqli_sql_exception: Column 'k1' cannot be null in C:\laragon\www\spkmoora\system\Database\MySQLi\Connection.php:306
Stack trace:
#0 C:\laragon\www\spkmoora\system\Database\MySQLi\Connection.php(306): mysqli->query('INSERT INTO `pe...', 0)
#1 C:\laragon\www\spkmoora\system\Database\BaseConnection.php(693): CodeIgniter\Database\MySQLi\Connection->execute('INSERT INTO `pe...')
#2 C:\laragon\www\spkmoora\system\Database\BaseConnection.php(607): CodeIgniter\Database\BaseConnection->simpleQuery('INSERT INTO `pe...')
#3 C:\laragon\www\spkmoora\system\Database\BaseBuilder.php(2302): CodeIgniter\Database\BaseConnection->query('INSERT INTO `pe...', Array, false)
#4 C:\laragon\www\spkmoora\system\Model.php(326): CodeIgniter\Database\BaseBuilder->insert()
#5 C:\laragon\www\spkmoora\system\BaseModel.php(802): CodeIgniter\Model->doInsert(Array)
#6 C:\laragon\www\spkmoora\system\Model.php(744): CodeIgniter\BaseModel->insert(Array, false)
#7 C:\laragon\www\spkmoora\system\BaseModel.php(713): CodeIgniter\Model->insert(Array, false)
#8 C:\laragon\www\spkmoora\app\Controllers\PenilaianKaryawan.php(51): CodeIgniter\BaseModel->save(Array)
#9 C:\laragon\www\spkmoora\system\CodeIgniter.php(941): App\Controllers\PenilaianKaryawan->store()
#10 C:\laragon\www\spkmoora\system\CodeIgniter.php(502): CodeIgniter\CodeIgniter->runController(Object(App\Controllers\PenilaianKaryawan))
#11 C:\laragon\www\spkmoora\system\CodeIgniter.php(361): CodeIgniter\CodeIgniter->handleRequest(NULL, Object(Config\Cache), false)
#12 C:\laragon\www\spkmoora\public\index.php(79): CodeIgniter\CodeIgniter->run()
#13 C:\laragon\www\spkmoora\system\Commands\Server\rewrite.php(47): require_once('C:\\laragon\\www\\...')
#14 {main}
CRITICAL - 2024-06-14 14:33:44 --> CodeIgniter\Database\Exceptions\DatabaseException: Column 'k1' cannot be null
in SYSTEMPATH\Database\BaseConnection.php on line 647.
 1 SYSTEMPATH\Database\BaseBuilder.php(2302): CodeIgniter\Database\BaseConnection->query('INSERT INTO `penilaian_karyawan` (`karyawan_id`, `k1`, `k2`, `k3`, `k4`, `k5`, `created_at`, `updated_at`) VALUES (:karyawan_id:, :k1:, :k2:, :k3:, :k4:, :k5:, :created_at:, :updated_at:)', [...], false)
 2 SYSTEMPATH\Model.php(326): CodeIgniter\Database\BaseBuilder->insert()
 3 SYSTEMPATH\BaseModel.php(802): CodeIgniter\Model->doInsert([...])
 4 SYSTEMPATH\Model.php(744): CodeIgniter\BaseModel->insert([...], false)
 5 SYSTEMPATH\BaseModel.php(713): CodeIgniter\Model->insert([...], false)
 6 APPPATH\Controllers\PenilaianKaryawan.php(51): CodeIgniter\BaseModel->save([...])
 7 SYSTEMPATH\CodeIgniter.php(941): App\Controllers\PenilaianKaryawan->store()
 8 SYSTEMPATH\CodeIgniter.php(502): CodeIgniter\CodeIgniter->runController(Object(App\Controllers\PenilaianKaryawan))
 9 SYSTEMPATH\CodeIgniter.php(361): CodeIgniter\CodeIgniter->handleRequest(null, Object(Config\Cache), false)
10 FCPATH\index.php(79): CodeIgniter\CodeIgniter->run()
11 SYSTEMPATH\Commands\Server\rewrite.php(47): require_once('C:\\laragon\\www\\spkmoora\\public\\index.php')
CRITICAL - 2024-06-14 14:33:44 --> [Caused by] CodeIgniter\Database\Exceptions\DatabaseException: Column 'k1' cannot be null
in SYSTEMPATH\Database\MySQLi\Connection.php on line 311.
 1 SYSTEMPATH\Database\BaseConnection.php(693): CodeIgniter\Database\MySQLi\Connection->execute('INSERT INTO `penilaian_karyawan` (`karyawan_id`, `k1`, `k2`, `k3`, `k4`, `k5`, `created_at`, `updated_at`) VALUES (\'54\', NULL, NULL, NULL, NULL, NULL, \'2024-06-14 14:33:44\', \'2024-06-14 14:33:44\')')
 2 SYSTEMPATH\Database\BaseConnection.php(607): CodeIgniter\Database\BaseConnection->simpleQuery('INSERT INTO `penilaian_karyawan` (`karyawan_id`, `k1`, `k2`, `k3`, `k4`, `k5`, `created_at`, `updated_at`) VALUES (\'54\', NULL, NULL, NULL, NULL, NULL, \'2024-06-14 14:33:44\', \'2024-06-14 14:33:44\')')
 3 SYSTEMPATH\Database\BaseBuilder.php(2302): CodeIgniter\Database\BaseConnection->query('INSERT INTO `penilaian_karyawan` (`karyawan_id`, `k1`, `k2`, `k3`, `k4`, `k5`, `created_at`, `updated_at`) VALUES (:karyawan_id:, :k1:, :k2:, :k3:, :k4:, :k5:, :created_at:, :updated_at:)', [...], false)
 4 SYSTEMPATH\Model.php(326): CodeIgniter\Database\BaseBuilder->insert()
 5 SYSTEMPATH\BaseModel.php(802): CodeIgniter\Model->doInsert([...])
 6 SYSTEMPATH\Model.php(744): CodeIgniter\BaseModel->insert([...], false)
 7 SYSTEMPATH\BaseModel.php(713): CodeIgniter\Model->insert([...], false)
 8 APPPATH\Controllers\PenilaianKaryawan.php(51): CodeIgniter\BaseModel->save([...])
 9 SYSTEMPATH\CodeIgniter.php(941): App\Controllers\PenilaianKaryawan->store()
10 SYSTEMPATH\CodeIgniter.php(502): CodeIgniter\CodeIgniter->runController(Object(App\Controllers\PenilaianKaryawan))
11 SYSTEMPATH\CodeIgniter.php(361): CodeIgniter\CodeIgniter->handleRequest(null, Object(Config\Cache), false)
12 FCPATH\index.php(79): CodeIgniter\CodeIgniter->run()
13 SYSTEMPATH\Commands\Server\rewrite.php(47): require_once('C:\\laragon\\www\\spkmoora\\public\\index.php')
CRITICAL - 2024-06-14 14:33:44 --> [Caused by] mysqli_sql_exception: Column 'k1' cannot be null
in SYSTEMPATH\Database\MySQLi\Connection.php on line 306.
 1 SYSTEMPATH\Database\MySQLi\Connection.php(306): mysqli->query('INSERT INTO `penilaian_karyawan` (`karyawan_id`, `k1`, `k2`, `k3`, `k4`, `k5`, `created_at`, `updated_at`) VALUES (\'54\', NULL, NULL, NULL, NULL, NULL, \'2024-06-14 14:33:44\', \'2024-06-14 14:33:44\')', 0)
 2 SYSTEMPATH\Database\BaseConnection.php(693): CodeIgniter\Database\MySQLi\Connection->execute('INSERT INTO `penilaian_karyawan` (`karyawan_id`, `k1`, `k2`, `k3`, `k4`, `k5`, `created_at`, `updated_at`) VALUES (\'54\', NULL, NULL, NULL, NULL, NULL, \'2024-06-14 14:33:44\', \'2024-06-14 14:33:44\')')
 3 SYSTEMPATH\Database\BaseConnection.php(607): CodeIgniter\Database\BaseConnection->simpleQuery('INSERT INTO `penilaian_karyawan` (`karyawan_id`, `k1`, `k2`, `k3`, `k4`, `k5`, `created_at`, `updated_at`) VALUES (\'54\', NULL, NULL, NULL, NULL, NULL, \'2024-06-14 14:33:44\', \'2024-06-14 14:33:44\')')
 4 SYSTEMPATH\Database\BaseBuilder.php(2302): CodeIgniter\Database\BaseConnection->query('INSERT INTO `penilaian_karyawan` (`karyawan_id`, `k1`, `k2`, `k3`, `k4`, `k5`, `created_at`, `updated_at`) VALUES (:karyawan_id:, :k1:, :k2:, :k3:, :k4:, :k5:, :created_at:, :updated_at:)', [...], false)
 5 SYSTEMPATH\Model.php(326): CodeIgniter\Database\BaseBuilder->insert()
 6 SYSTEMPATH\BaseModel.php(802): CodeIgniter\Model->doInsert([...])
 7 SYSTEMPATH\Model.php(744): CodeIgniter\BaseModel->insert([...], false)
 8 SYSTEMPATH\BaseModel.php(713): CodeIgniter\Model->insert([...], false)
 9 APPPATH\Controllers\PenilaianKaryawan.php(51): CodeIgniter\BaseModel->save([...])
10 SYSTEMPATH\CodeIgniter.php(941): App\Controllers\PenilaianKaryawan->store()
11 SYSTEMPATH\CodeIgniter.php(502): CodeIgniter\CodeIgniter->runController(Object(App\Controllers\PenilaianKaryawan))
12 SYSTEMPATH\CodeIgniter.php(361): CodeIgniter\CodeIgniter->handleRequest(null, Object(Config\Cache), false)
13 FCPATH\index.php(79): CodeIgniter\CodeIgniter->run()
14 SYSTEMPATH\Commands\Server\rewrite.php(47): require_once('C:\\laragon\\www\\spkmoora\\public\\index.php')
CRITICAL - 2024-06-14 14:34:17 --> ErrorException: Undefined array key "kK1"
in APPPATH\Views\penilaian_karyawan.php on line 149.
 1 APPPATH\Views\penilaian_karyawan.php(149): CodeIgniter\Debug\Exceptions->errorHandler(2, 'Undefined array key "kK1"', 'C:\\laragon\\www\\spkmoora\\app\\Views\\penilaian_karyawan.php', 149)
 2 SYSTEMPATH\View\View.php(228): include('C:\\laragon\\www\\spkmoora\\app\\Views\\penilaian_karyawan.php')
 3 SYSTEMPATH\View\View.php(231): CodeIgniter\View\View->CodeIgniter\View\{closure}()
 4 SYSTEMPATH\Common.php(1178): CodeIgniter\View\View->render('penilaian_karyawan', [], true)
 5 APPPATH\Controllers\PenilaianKaryawan.php(35): view('penilaian_karyawan', [...])
 6 SYSTEMPATH\CodeIgniter.php(941): App\Controllers\PenilaianKaryawan->index()
 7 SYSTEMPATH\CodeIgniter.php(502): CodeIgniter\CodeIgniter->runController(Object(App\Controllers\PenilaianKaryawan))
 8 SYSTEMPATH\CodeIgniter.php(361): CodeIgniter\CodeIgniter->handleRequest(null, Object(Config\Cache), false)
 9 FCPATH\index.php(79): CodeIgniter\CodeIgniter->run()
10 SYSTEMPATH\Commands\Server\rewrite.php(47): require_once('C:\\laragon\\www\\spkmoora\\public\\index.php')
CRITICAL - 2024-06-14 14:35:16 --> ErrorException: Undefined array key "K1"
in APPPATH\Views\penilaian_karyawan.php on line 149.
 1 APPPATH\Views\penilaian_karyawan.php(149): CodeIgniter\Debug\Exceptions->errorHandler(2, 'Undefined array key "K1"', 'C:\\laragon\\www\\spkmoora\\app\\Views\\penilaian_karyawan.php', 149)
 2 SYSTEMPATH\View\View.php(228): include('C:\\laragon\\www\\spkmoora\\app\\Views\\penilaian_karyawan.php')
 3 SYSTEMPATH\View\View.php(231): CodeIgniter\View\View->CodeIgniter\View\{closure}()
 4 SYSTEMPATH\Common.php(1178): CodeIgniter\View\View->render('penilaian_karyawan', [], true)
 5 APPPATH\Controllers\PenilaianKaryawan.php(35): view('penilaian_karyawan', [...])
 6 SYSTEMPATH\CodeIgniter.php(941): App\Controllers\PenilaianKaryawan->index()
 7 SYSTEMPATH\CodeIgniter.php(502): CodeIgniter\CodeIgniter->runController(Object(App\Controllers\PenilaianKaryawan))
 8 SYSTEMPATH\CodeIgniter.php(361): CodeIgniter\CodeIgniter->handleRequest(null, Object(Config\Cache), false)
 9 FCPATH\index.php(79): CodeIgniter\CodeIgniter->run()
10 SYSTEMPATH\Commands\Server\rewrite.php(47): require_once('C:\\laragon\\www\\spkmoora\\public\\index.php')
CRITICAL - 2024-06-14 14:42:53 --> ErrorException: Undefined array key "K1"
in APPPATH\Views\penilaian_karyawan.php on line 149.
 1 APPPATH\Views\penilaian_karyawan.php(149): CodeIgniter\Debug\Exceptions->errorHandler(2, 'Undefined array key "K1"', 'C:\\laragon\\www\\spkmoora\\app\\Views\\penilaian_karyawan.php', 149)
 2 SYSTEMPATH\View\View.php(228): include('C:\\laragon\\www\\spkmoora\\app\\Views\\penilaian_karyawan.php')
 3 SYSTEMPATH\View\View.php(231): CodeIgniter\View\View->CodeIgniter\View\{closure}()
 4 SYSTEMPATH\Common.php(1178): CodeIgniter\View\View->render('penilaian_karyawan', [], true)
 5 APPPATH\Controllers\PenilaianKaryawan.php(35): view('penilaian_karyawan', [...])
 6 SYSTEMPATH\CodeIgniter.php(941): App\Controllers\PenilaianKaryawan->index()
 7 SYSTEMPATH\CodeIgniter.php(502): CodeIgniter\CodeIgniter->runController(Object(App\Controllers\PenilaianKaryawan))
 8 SYSTEMPATH\CodeIgniter.php(361): CodeIgniter\CodeIgniter->handleRequest(null, Object(Config\Cache), false)
 9 FCPATH\index.php(79): CodeIgniter\CodeIgniter->run()
10 SYSTEMPATH\Commands\Server\rewrite.php(47): require_once('C:\\laragon\\www\\spkmoora\\public\\index.php')
CRITICAL - 2024-06-14 14:43:05 --> ErrorException: Undefined array key "kK1"
in APPPATH\Views\penilaian_karyawan.php on line 149.
 1 APPPATH\Views\penilaian_karyawan.php(149): CodeIgniter\Debug\Exceptions->errorHandler(2, 'Undefined array key "kK1"', 'C:\\laragon\\www\\spkmoora\\app\\Views\\penilaian_karyawan.php', 149)
 2 SYSTEMPATH\View\View.php(228): include('C:\\laragon\\www\\spkmoora\\app\\Views\\penilaian_karyawan.php')
 3 SYSTEMPATH\View\View.php(231): CodeIgniter\View\View->CodeIgniter\View\{closure}()
 4 SYSTEMPATH\Common.php(1178): CodeIgniter\View\View->render('penilaian_karyawan', [], true)
 5 APPPATH\Controllers\PenilaianKaryawan.php(35): view('penilaian_karyawan', [...])
 6 SYSTEMPATH\CodeIgniter.php(941): App\Controllers\PenilaianKaryawan->index()
 7 SYSTEMPATH\CodeIgniter.php(502): CodeIgniter\CodeIgniter->runController(Object(App\Controllers\PenilaianKaryawan))
 8 SYSTEMPATH\CodeIgniter.php(361): CodeIgniter\CodeIgniter->handleRequest(null, Object(Config\Cache), false)
 9 FCPATH\index.php(79): CodeIgniter\CodeIgniter->run()
10 SYSTEMPATH\Commands\Server\rewrite.php(47): require_once('C:\\laragon\\www\\spkmoora\\public\\index.php')
CRITICAL - 2024-06-14 14:43:20 --> ErrorException: Undefined array key 1
in APPPATH\Views\penilaian_karyawan.php on line 149.
 1 APPPATH\Views\penilaian_karyawan.php(149): CodeIgniter\Debug\Exceptions->errorHandler(2, 'Undefined array key 1', 'C:\\laragon\\www\\spkmoora\\app\\Views\\penilaian_karyawan.php', 149)
 2 SYSTEMPATH\View\View.php(228): include('C:\\laragon\\www\\spkmoora\\app\\Views\\penilaian_karyawan.php')
 3 SYSTEMPATH\View\View.php(231): CodeIgniter\View\View->CodeIgniter\View\{closure}()
 4 SYSTEMPATH\Common.php(1178): CodeIgniter\View\View->render('penilaian_karyawan', [], true)
 5 APPPATH\Controllers\PenilaianKaryawan.php(35): view('penilaian_karyawan', [...])
 6 SYSTEMPATH\CodeIgniter.php(941): App\Controllers\PenilaianKaryawan->index()
 7 SYSTEMPATH\CodeIgniter.php(502): CodeIgniter\CodeIgniter->runController(Object(App\Controllers\PenilaianKaryawan))
 8 SYSTEMPATH\CodeIgniter.php(361): CodeIgniter\CodeIgniter->handleRequest(null, Object(Config\Cache), false)
 9 FCPATH\index.php(79): CodeIgniter\CodeIgniter->run()
10 SYSTEMPATH\Commands\Server\rewrite.php(47): require_once('C:\\laragon\\www\\spkmoora\\public\\index.php')
CRITICAL - 2024-06-14 14:43:35 --> ErrorException: Undefined array key "K1"
in APPPATH\Views\penilaian_karyawan.php on line 149.
 1 APPPATH\Views\penilaian_karyawan.php(149): CodeIgniter\Debug\Exceptions->errorHandler(2, 'Undefined array key "K1"', 'C:\\laragon\\www\\spkmoora\\app\\Views\\penilaian_karyawan.php', 149)
 2 SYSTEMPATH\View\View.php(228): include('C:\\laragon\\www\\spkmoora\\app\\Views\\penilaian_karyawan.php')
 3 SYSTEMPATH\View\View.php(231): CodeIgniter\View\View->CodeIgniter\View\{closure}()
 4 SYSTEMPATH\Common.php(1178): CodeIgniter\View\View->render('penilaian_karyawan', [], true)
 5 APPPATH\Controllers\PenilaianKaryawan.php(35): view('penilaian_karyawan', [...])
 6 SYSTEMPATH\CodeIgniter.php(941): App\Controllers\PenilaianKaryawan->index()
 7 SYSTEMPATH\CodeIgniter.php(502): CodeIgniter\CodeIgniter->runController(Object(App\Controllers\PenilaianKaryawan))
 8 SYSTEMPATH\CodeIgniter.php(361): CodeIgniter\CodeIgniter->handleRequest(null, Object(Config\Cache), false)
 9 FCPATH\index.php(79): CodeIgniter\CodeIgniter->run()
10 SYSTEMPATH\Commands\Server\rewrite.php(47): require_once('C:\\laragon\\www\\spkmoora\\public\\index.php')
CRITICAL - 2024-06-14 14:44:49 --> ErrorException: Undefined array key "K1"
in APPPATH\Views\penilaian_karyawan.php on line 149.
 1 APPPATH\Views\penilaian_karyawan.php(149): CodeIgniter\Debug\Exceptions->errorHandler(2, 'Undefined array key "K1"', 'C:\\laragon\\www\\spkmoora\\app\\Views\\penilaian_karyawan.php', 149)
 2 SYSTEMPATH\View\View.php(228): include('C:\\laragon\\www\\spkmoora\\app\\Views\\penilaian_karyawan.php')
 3 SYSTEMPATH\View\View.php(231): CodeIgniter\View\View->CodeIgniter\View\{closure}()
 4 SYSTEMPATH\Common.php(1178): CodeIgniter\View\View->render('penilaian_karyawan', [], true)
 5 APPPATH\Controllers\PenilaianKaryawan.php(35): view('penilaian_karyawan', [...])
 6 SYSTEMPATH\CodeIgniter.php(941): App\Controllers\PenilaianKaryawan->index()
 7 SYSTEMPATH\CodeIgniter.php(502): CodeIgniter\CodeIgniter->runController(Object(App\Controllers\PenilaianKaryawan))
 8 SYSTEMPATH\CodeIgniter.php(361): CodeIgniter\CodeIgniter->handleRequest(null, Object(Config\Cache), false)
 9 FCPATH\index.php(79): CodeIgniter\CodeIgniter->run()
10 SYSTEMPATH\Commands\Server\rewrite.php(47): require_once('C:\\laragon\\www\\spkmoora\\public\\index.php')
