CRITICAL - 2024-02-04 00:00:37 --> BadMethodCallException: Call to undefined method App\Models\UserModel::getUser
in SYSTEMPATH\Model.php on line 874.
 1 APPPATH\Controllers\Profil.php(43): CodeIgniter\Model->__call('getUser', [...])
 2 SYSTEMPATH\CodeIgniter.php(941): App\Controllers\Profil->editProfile()
 3 SYSTEMPATH\CodeIgniter.php(502): CodeIgniter\CodeIgniter->runController(Object(App\Controllers\Profil))
 4 SYSTEMPATH\CodeIgniter.php(361): CodeIgniter\CodeIgniter->handleRequest(null, Object(Config\Cache), false)
 5 FCPATH\index.php(79): CodeIgniter\CodeIgniter->run()
 6 SYSTEMPATH\Commands\Server\rewrite.php(47): require_once('C:\\laragon\\www\\SPK\\public\\index.php')
CRITICAL - 2024-02-04 00:01:32 --> BadMethodCallException: Call to undefined method App\Models\UserModel::updateProfile
in SYSTEMPATH\Model.php on line 874.
 1 APPPATH\Controllers\Profil.php(26): CodeIgniter\Model->__call('updateProfile', [...])
 2 SYSTEMPATH\CodeIgniter.php(941): App\Controllers\Profil->updateProfile()
 3 SYSTEMPATH\CodeIgniter.php(502): CodeIgniter\CodeIgniter->runController(Object(App\Controllers\Profil))
 4 SYSTEMPATH\CodeIgniter.php(361): CodeIgniter\CodeIgniter->handleRequest(null, Object(Config\Cache), false)
 5 FCPATH\index.php(79): CodeIgniter\CodeIgniter->run()
 6 SYSTEMPATH\Commands\Server\rewrite.php(47): require_once('C:\\laragon\\www\\SPK\\public\\index.php')
CRITICAL - 2024-02-04 00:03:19 --> BadMethodCallException: Call to undefined method App\Models\UserModel::updateProfile
in SYSTEMPATH\Model.php on line 874.
 1 APPPATH\Controllers\Profil.php(26): CodeIgniter\Model->__call('updateProfile', [...])
 2 SYSTEMPATH\CodeIgniter.php(941): App\Controllers\Profil->updateProfile()
 3 SYSTEMPATH\CodeIgniter.php(502): CodeIgniter\CodeIgniter->runController(Object(App\Controllers\Profil))
 4 SYSTEMPATH\CodeIgniter.php(361): CodeIgniter\CodeIgniter->handleRequest(null, Object(Config\Cache), false)
 5 FCPATH\index.php(79): CodeIgniter\CodeIgniter->run()
 6 SYSTEMPATH\Commands\Server\rewrite.php(47): require_once('C:\\laragon\\www\\SPK\\public\\index.php')
CRITICAL - 2024-02-04 00:04:55 --> BadMethodCallException: Call to undefined method App\Models\UserModel::updateProfile
in SYSTEMPATH\Model.php on line 874.
 1 APPPATH\Controllers\Profil.php(26): CodeIgniter\Model->__call('updateProfile', [...])
 2 SYSTEMPATH\CodeIgniter.php(941): App\Controllers\Profil->updateProfile()
 3 SYSTEMPATH\CodeIgniter.php(502): CodeIgniter\CodeIgniter->runController(Object(App\Controllers\Profil))
 4 SYSTEMPATH\CodeIgniter.php(361): CodeIgniter\CodeIgniter->handleRequest(null, Object(Config\Cache), false)
 5 FCPATH\index.php(79): CodeIgniter\CodeIgniter->run()
 6 SYSTEMPATH\Commands\Server\rewrite.php(47): require_once('C:\\laragon\\www\\SPK\\public\\index.php')
INFO - 2024-02-04 00:05:17 --> Session: Class initialized using 'CodeIgniter\Session\Handlers\FileHandler' driver.
INFO - 2024-02-04 00:05:26 --> Session: Class initialized using 'CodeIgniter\Session\Handlers\FileHandler' driver.
CRITICAL - 2024-02-04 00:05:43 --> BadMethodCallException: Call to undefined method App\Models\UserModel::updateProfile
in SYSTEMPATH\Model.php on line 874.
 1 APPPATH\Controllers\Profil.php(26): CodeIgniter\Model->__call('updateProfile', [...])
 2 SYSTEMPATH\CodeIgniter.php(941): App\Controllers\Profil->updateProfile()
 3 SYSTEMPATH\CodeIgniter.php(502): CodeIgniter\CodeIgniter->runController(Object(App\Controllers\Profil))
 4 SYSTEMPATH\CodeIgniter.php(361): CodeIgniter\CodeIgniter->handleRequest(null, Object(Config\Cache), false)
 5 FCPATH\index.php(79): CodeIgniter\CodeIgniter->run()
 6 SYSTEMPATH\Commands\Server\rewrite.php(47): require_once('C:\\laragon\\www\\SPK\\public\\index.php')
INFO - 2024-02-04 00:08:10 --> Session: Class initialized using 'CodeIgniter\Session\Handlers\FileHandler' driver.
INFO - 2024-02-04 00:09:58 --> Session: Class initialized using 'CodeIgniter\Session\Handlers\FileHandler' driver.
INFO - 2024-02-04 00:10:01 --> Session: Class initialized using 'CodeIgniter\Session\Handlers\FileHandler' driver.
INFO - 2024-02-04 00:10:04 --> Session: Class initialized using 'CodeIgniter\Session\Handlers\FileHandler' driver.
INFO - 2024-02-04 00:12:12 --> Session: Class initialized using 'CodeIgniter\Session\Handlers\FileHandler' driver.
INFO - 2024-02-04 00:12:15 --> Session: Class initialized using 'CodeIgniter\Session\Handlers\FileHandler' driver.
INFO - 2024-02-04 00:12:20 --> Session: Class initialized using 'CodeIgniter\Session\Handlers\FileHandler' driver.
INFO - 2024-02-04 00:12:24 --> Session: Class initialized using 'CodeIgniter\Session\Handlers\FileHandler' driver.
INFO - 2024-02-04 00:12:45 --> Session: Class initialized using 'CodeIgniter\Session\Handlers\FileHandler' driver.
INFO - 2024-02-04 00:12:45 --> Session: Class initialized using 'CodeIgniter\Session\Handlers\FileHandler' driver.
