INFO - 2024-06-13 21:42:51 --> Session: Class initialized using 'CodeIgniter\Session\Handlers\FileHandler' driver.
INFO - 2024-06-13 21:42:51 --> Session: Class initialized using 'CodeIgniter\Session\Handlers\FileHandler' driver.
INFO - 2024-06-13 21:42:55 --> Session: Class initialized using 'CodeIgniter\Session\Handlers\FileHandler' driver.
INFO - 2024-06-13 21:42:55 --> Session: Class initialized using 'CodeIgniter\Session\Handlers\FileHandler' driver.
INFO - 2024-06-13 21:42:59 --> Session: Class initialized using 'CodeIgniter\Session\Handlers\FileHandler' driver.
INFO - 2024-06-13 21:43:04 --> Session: Class initialized using 'CodeIgniter\Session\Handlers\FileHandler' driver.
INFO - 2024-06-13 21:43:18 --> Session: Class initialized using 'CodeIgniter\Session\Handlers\FileHandler' driver.
INFO - 2024-06-13 22:04:17 --> Session: Class initialized using 'CodeIgniter\Session\Handlers\FileHandler' driver.
INFO - 2024-06-13 22:04:18 --> Session: Class initialized using 'CodeIgniter\Session\Handlers\FileHandler' driver.
INFO - 2024-06-13 22:04:30 --> Session: Class initialized using 'CodeIgniter\Session\Handlers\FileHandler' driver.
ERROR - 2024-06-13 22:17:54 --> mysqli_sql_exception: Table 'spkmoora.penilaiankaryawans' doesn't exist in C:\laragon\www\spkmoora\system\Database\MySQLi\Connection.php:306
Stack trace:
#0 C:\laragon\www\spkmoora\system\Database\MySQLi\Connection.php(306): mysqli->query('SELECT `karyawa...', 0)
#1 C:\laragon\www\spkmoora\system\Database\BaseConnection.php(693): CodeIgniter\Database\MySQLi\Connection->execute('SELECT `karyawa...')
#2 C:\laragon\www\spkmoora\system\Database\BaseConnection.php(607): CodeIgniter\Database\BaseConnection->simpleQuery('SELECT `karyawa...')
#3 C:\laragon\www\spkmoora\system\Database\BaseBuilder.php(1613): CodeIgniter\Database\BaseConnection->query('SELECT `karyawa...', Array, false)
#4 C:\laragon\www\spkmoora\system\Model.php(242): CodeIgniter\Database\BaseBuilder->get()
#5 C:\laragon\www\spkmoora\system\BaseModel.php(638): CodeIgniter\Model->doFindAll(0, 0)
#6 C:\laragon\www\spkmoora\app\Controllers\PenilaianKaryawan.php(18): CodeIgniter\BaseModel->findAll()
#7 C:\laragon\www\spkmoora\system\CodeIgniter.php(941): App\Controllers\PenilaianKaryawan->index()
#8 C:\laragon\www\spkmoora\system\CodeIgniter.php(502): CodeIgniter\CodeIgniter->runController(Object(App\Controllers\PenilaianKaryawan))
#9 C:\laragon\www\spkmoora\system\CodeIgniter.php(361): CodeIgniter\CodeIgniter->handleRequest(NULL, Object(Config\Cache), false)
#10 C:\laragon\www\spkmoora\public\index.php(79): CodeIgniter\CodeIgniter->run()
#11 C:\laragon\www\spkmoora\system\Commands\Server\rewrite.php(47): require_once('C:\\laragon\\www\\...')
#12 {main}
CRITICAL - 2024-06-13 22:17:54 --> CodeIgniter\Database\Exceptions\DatabaseException: Table 'spkmoora.penilaiankaryawans' doesn't exist
in SYSTEMPATH\Database\BaseConnection.php on line 647.
 1 SYSTEMPATH\Database\BaseBuilder.php(1613): CodeIgniter\Database\BaseConnection->query('SELECT `karyawan`.*, `karyawan`.`name`
FROM `penilaiankaryawans`
JOIN `karyawan` ON `karyawan`.`id` = `karyawan`.`karyawan_id`', [], false)
 2 SYSTEMPATH\Model.php(242): CodeIgniter\Database\BaseBuilder->get()
 3 SYSTEMPATH\BaseModel.php(638): CodeIgniter\Model->doFindAll(0, 0)
 4 APPPATH\Controllers\PenilaianKaryawan.php(18): CodeIgniter\BaseModel->findAll()
 5 SYSTEMPATH\CodeIgniter.php(941): App\Controllers\PenilaianKaryawan->index()
 6 SYSTEMPATH\CodeIgniter.php(502): CodeIgniter\CodeIgniter->runController(Object(App\Controllers\PenilaianKaryawan))
 7 SYSTEMPATH\CodeIgniter.php(361): CodeIgniter\CodeIgniter->handleRequest(null, Object(Config\Cache), false)
 8 FCPATH\index.php(79): CodeIgniter\CodeIgniter->run()
 9 SYSTEMPATH\Commands\Server\rewrite.php(47): require_once('C:\\laragon\\www\\spkmoora\\public\\index.php')
CRITICAL - 2024-06-13 22:17:54 --> [Caused by] CodeIgniter\Database\Exceptions\DatabaseException: Table 'spkmoora.penilaiankaryawans' doesn't exist
in SYSTEMPATH\Database\MySQLi\Connection.php on line 311.
 1 SYSTEMPATH\Database\BaseConnection.php(693): CodeIgniter\Database\MySQLi\Connection->execute('SELECT `karyawan`.*, `karyawan`.`name`
FROM `penilaiankaryawans`
JOIN `karyawan` ON `karyawan`.`id` = `karyawan`.`karyawan_id`')
 2 SYSTEMPATH\Database\BaseConnection.php(607): CodeIgniter\Database\BaseConnection->simpleQuery('SELECT `karyawan`.*, `karyawan`.`name`
FROM `penilaiankaryawans`
JOIN `karyawan` ON `karyawan`.`id` = `karyawan`.`karyawan_id`')
 3 SYSTEMPATH\Database\BaseBuilder.php(1613): CodeIgniter\Database\BaseConnection->query('SELECT `karyawan`.*, `karyawan`.`name`
FROM `penilaiankaryawans`
JOIN `karyawan` ON `karyawan`.`id` = `karyawan`.`karyawan_id`', [], false)
 4 SYSTEMPATH\Model.php(242): CodeIgniter\Database\BaseBuilder->get()
 5 SYSTEMPATH\BaseModel.php(638): CodeIgniter\Model->doFindAll(0, 0)
 6 APPPATH\Controllers\PenilaianKaryawan.php(18): CodeIgniter\BaseModel->findAll()
 7 SYSTEMPATH\CodeIgniter.php(941): App\Controllers\PenilaianKaryawan->index()
 8 SYSTEMPATH\CodeIgniter.php(502): CodeIgniter\CodeIgniter->runController(Object(App\Controllers\PenilaianKaryawan))
 9 SYSTEMPATH\CodeIgniter.php(361): CodeIgniter\CodeIgniter->handleRequest(null, Object(Config\Cache), false)
10 FCPATH\index.php(79): CodeIgniter\CodeIgniter->run()
11 SYSTEMPATH\Commands\Server\rewrite.php(47): require_once('C:\\laragon\\www\\spkmoora\\public\\index.php')
CRITICAL - 2024-06-13 22:17:54 --> [Caused by] mysqli_sql_exception: Table 'spkmoora.penilaiankaryawans' doesn't exist
in SYSTEMPATH\Database\MySQLi\Connection.php on line 306.
 1 SYSTEMPATH\Database\MySQLi\Connection.php(306): mysqli->query('SELECT `karyawan`.*, `karyawan`.`name`
FROM `penilaiankaryawans`
JOIN `karyawan` ON `karyawan`.`id` = `karyawan`.`karyawan_id`', 0)
 2 SYSTEMPATH\Database\BaseConnection.php(693): CodeIgniter\Database\MySQLi\Connection->execute('SELECT `karyawan`.*, `karyawan`.`name`
FROM `penilaiankaryawans`
JOIN `karyawan` ON `karyawan`.`id` = `karyawan`.`karyawan_id`')
 3 SYSTEMPATH\Database\BaseConnection.php(607): CodeIgniter\Database\BaseConnection->simpleQuery('SELECT `karyawan`.*, `karyawan`.`name`
FROM `penilaiankaryawans`
JOIN `karyawan` ON `karyawan`.`id` = `karyawan`.`karyawan_id`')
 4 SYSTEMPATH\Database\BaseBuilder.php(1613): CodeIgniter\Database\BaseConnection->query('SELECT `karyawan`.*, `karyawan`.`name`
FROM `penilaiankaryawans`
JOIN `karyawan` ON `karyawan`.`id` = `karyawan`.`karyawan_id`', [], false)
 5 SYSTEMPATH\Model.php(242): CodeIgniter\Database\BaseBuilder->get()
 6 SYSTEMPATH\BaseModel.php(638): CodeIgniter\Model->doFindAll(0, 0)
 7 APPPATH\Controllers\PenilaianKaryawan.php(18): CodeIgniter\BaseModel->findAll()
 8 SYSTEMPATH\CodeIgniter.php(941): App\Controllers\PenilaianKaryawan->index()
 9 SYSTEMPATH\CodeIgniter.php(502): CodeIgniter\CodeIgniter->runController(Object(App\Controllers\PenilaianKaryawan))
10 SYSTEMPATH\CodeIgniter.php(361): CodeIgniter\CodeIgniter->handleRequest(null, Object(Config\Cache), false)
11 FCPATH\index.php(79): CodeIgniter\CodeIgniter->run()
12 SYSTEMPATH\Commands\Server\rewrite.php(47): require_once('C:\\laragon\\www\\spkmoora\\public\\index.php')
ERROR - 2024-06-13 22:18:15 --> mysqli_sql_exception: Table 'spkmoora.penilaiankaryawans' doesn't exist in C:\laragon\www\spkmoora\system\Database\MySQLi\Connection.php:306
Stack trace:
#0 C:\laragon\www\spkmoora\system\Database\MySQLi\Connection.php(306): mysqli->query('SELECT `karyawa...', 0)
#1 C:\laragon\www\spkmoora\system\Database\BaseConnection.php(693): CodeIgniter\Database\MySQLi\Connection->execute('SELECT `karyawa...')
#2 C:\laragon\www\spkmoora\system\Database\BaseConnection.php(607): CodeIgniter\Database\BaseConnection->simpleQuery('SELECT `karyawa...')
#3 C:\laragon\www\spkmoora\system\Database\BaseBuilder.php(1613): CodeIgniter\Database\BaseConnection->query('SELECT `karyawa...', Array, false)
#4 C:\laragon\www\spkmoora\system\Model.php(242): CodeIgniter\Database\BaseBuilder->get()
#5 C:\laragon\www\spkmoora\system\BaseModel.php(638): CodeIgniter\Model->doFindAll(0, 0)
#6 C:\laragon\www\spkmoora\app\Controllers\PenilaianKaryawan.php(18): CodeIgniter\BaseModel->findAll()
#7 C:\laragon\www\spkmoora\system\CodeIgniter.php(941): App\Controllers\PenilaianKaryawan->index()
#8 C:\laragon\www\spkmoora\system\CodeIgniter.php(502): CodeIgniter\CodeIgniter->runController(Object(App\Controllers\PenilaianKaryawan))
#9 C:\laragon\www\spkmoora\system\CodeIgniter.php(361): CodeIgniter\CodeIgniter->handleRequest(NULL, Object(Config\Cache), false)
#10 C:\laragon\www\spkmoora\public\index.php(79): CodeIgniter\CodeIgniter->run()
#11 C:\laragon\www\spkmoora\system\Commands\Server\rewrite.php(47): require_once('C:\\laragon\\www\\...')
#12 {main}
CRITICAL - 2024-06-13 22:18:15 --> CodeIgniter\Database\Exceptions\DatabaseException: Table 'spkmoora.penilaiankaryawans' doesn't exist
in SYSTEMPATH\Database\BaseConnection.php on line 647.
 1 SYSTEMPATH\Database\BaseBuilder.php(1613): CodeIgniter\Database\BaseConnection->query('SELECT `karyawan`.*, `karyawan`.`name`
FROM `penilaiankaryawans`
JOIN `karyawan` ON `karyawan`.`id` = `karyawan`.`karyawan_id`', [], false)
 2 SYSTEMPATH\Model.php(242): CodeIgniter\Database\BaseBuilder->get()
 3 SYSTEMPATH\BaseModel.php(638): CodeIgniter\Model->doFindAll(0, 0)
 4 APPPATH\Controllers\PenilaianKaryawan.php(18): CodeIgniter\BaseModel->findAll()
 5 SYSTEMPATH\CodeIgniter.php(941): App\Controllers\PenilaianKaryawan->index()
 6 SYSTEMPATH\CodeIgniter.php(502): CodeIgniter\CodeIgniter->runController(Object(App\Controllers\PenilaianKaryawan))
 7 SYSTEMPATH\CodeIgniter.php(361): CodeIgniter\CodeIgniter->handleRequest(null, Object(Config\Cache), false)
 8 FCPATH\index.php(79): CodeIgniter\CodeIgniter->run()
 9 SYSTEMPATH\Commands\Server\rewrite.php(47): require_once('C:\\laragon\\www\\spkmoora\\public\\index.php')
CRITICAL - 2024-06-13 22:18:15 --> [Caused by] CodeIgniter\Database\Exceptions\DatabaseException: Table 'spkmoora.penilaiankaryawans' doesn't exist
in SYSTEMPATH\Database\MySQLi\Connection.php on line 311.
 1 SYSTEMPATH\Database\BaseConnection.php(693): CodeIgniter\Database\MySQLi\Connection->execute('SELECT `karyawan`.*, `karyawan`.`name`
FROM `penilaiankaryawans`
JOIN `karyawan` ON `karyawan`.`id` = `karyawan`.`karyawan_id`')
 2 SYSTEMPATH\Database\BaseConnection.php(607): CodeIgniter\Database\BaseConnection->simpleQuery('SELECT `karyawan`.*, `karyawan`.`name`
FROM `penilaiankaryawans`
JOIN `karyawan` ON `karyawan`.`id` = `karyawan`.`karyawan_id`')
 3 SYSTEMPATH\Database\BaseBuilder.php(1613): CodeIgniter\Database\BaseConnection->query('SELECT `karyawan`.*, `karyawan`.`name`
FROM `penilaiankaryawans`
JOIN `karyawan` ON `karyawan`.`id` = `karyawan`.`karyawan_id`', [], false)
 4 SYSTEMPATH\Model.php(242): CodeIgniter\Database\BaseBuilder->get()
 5 SYSTEMPATH\BaseModel.php(638): CodeIgniter\Model->doFindAll(0, 0)
 6 APPPATH\Controllers\PenilaianKaryawan.php(18): CodeIgniter\BaseModel->findAll()
 7 SYSTEMPATH\CodeIgniter.php(941): App\Controllers\PenilaianKaryawan->index()
 8 SYSTEMPATH\CodeIgniter.php(502): CodeIgniter\CodeIgniter->runController(Object(App\Controllers\PenilaianKaryawan))
 9 SYSTEMPATH\CodeIgniter.php(361): CodeIgniter\CodeIgniter->handleRequest(null, Object(Config\Cache), false)
10 FCPATH\index.php(79): CodeIgniter\CodeIgniter->run()
11 SYSTEMPATH\Commands\Server\rewrite.php(47): require_once('C:\\laragon\\www\\spkmoora\\public\\index.php')
CRITICAL - 2024-06-13 22:18:15 --> [Caused by] mysqli_sql_exception: Table 'spkmoora.penilaiankaryawans' doesn't exist
in SYSTEMPATH\Database\MySQLi\Connection.php on line 306.
 1 SYSTEMPATH\Database\MySQLi\Connection.php(306): mysqli->query('SELECT `karyawan`.*, `karyawan`.`name`
FROM `penilaiankaryawans`
JOIN `karyawan` ON `karyawan`.`id` = `karyawan`.`karyawan_id`', 0)
 2 SYSTEMPATH\Database\BaseConnection.php(693): CodeIgniter\Database\MySQLi\Connection->execute('SELECT `karyawan`.*, `karyawan`.`name`
FROM `penilaiankaryawans`
JOIN `karyawan` ON `karyawan`.`id` = `karyawan`.`karyawan_id`')
 3 SYSTEMPATH\Database\BaseConnection.php(607): CodeIgniter\Database\BaseConnection->simpleQuery('SELECT `karyawan`.*, `karyawan`.`name`
FROM `penilaiankaryawans`
JOIN `karyawan` ON `karyawan`.`id` = `karyawan`.`karyawan_id`')
 4 SYSTEMPATH\Database\BaseBuilder.php(1613): CodeIgniter\Database\BaseConnection->query('SELECT `karyawan`.*, `karyawan`.`name`
FROM `penilaiankaryawans`
JOIN `karyawan` ON `karyawan`.`id` = `karyawan`.`karyawan_id`', [], false)
 5 SYSTEMPATH\Model.php(242): CodeIgniter\Database\BaseBuilder->get()
 6 SYSTEMPATH\BaseModel.php(638): CodeIgniter\Model->doFindAll(0, 0)
 7 APPPATH\Controllers\PenilaianKaryawan.php(18): CodeIgniter\BaseModel->findAll()
 8 SYSTEMPATH\CodeIgniter.php(941): App\Controllers\PenilaianKaryawan->index()
 9 SYSTEMPATH\CodeIgniter.php(502): CodeIgniter\CodeIgniter->runController(Object(App\Controllers\PenilaianKaryawan))
10 SYSTEMPATH\CodeIgniter.php(361): CodeIgniter\CodeIgniter->handleRequest(null, Object(Config\Cache), false)
11 FCPATH\index.php(79): CodeIgniter\CodeIgniter->run()
12 SYSTEMPATH\Commands\Server\rewrite.php(47): require_once('C:\\laragon\\www\\spkmoora\\public\\index.php')
ERROR - 2024-06-13 22:18:24 --> mysqli_sql_exception: Unknown column 'karyawan.karyawan_id' in 'on clause' in C:\laragon\www\spkmoora\system\Database\MySQLi\Connection.php:306
Stack trace:
#0 C:\laragon\www\spkmoora\system\Database\MySQLi\Connection.php(306): mysqli->query('SELECT `karyawa...', 0)
#1 C:\laragon\www\spkmoora\system\Database\BaseConnection.php(693): CodeIgniter\Database\MySQLi\Connection->execute('SELECT `karyawa...')
#2 C:\laragon\www\spkmoora\system\Database\BaseConnection.php(607): CodeIgniter\Database\BaseConnection->simpleQuery('SELECT `karyawa...')
#3 C:\laragon\www\spkmoora\system\Database\BaseBuilder.php(1613): CodeIgniter\Database\BaseConnection->query('SELECT `karyawa...', Array, false)
#4 C:\laragon\www\spkmoora\system\Model.php(242): CodeIgniter\Database\BaseBuilder->get()
#5 C:\laragon\www\spkmoora\system\BaseModel.php(638): CodeIgniter\Model->doFindAll(0, 0)
#6 C:\laragon\www\spkmoora\app\Controllers\PenilaianKaryawan.php(18): CodeIgniter\BaseModel->findAll()
#7 C:\laragon\www\spkmoora\system\CodeIgniter.php(941): App\Controllers\PenilaianKaryawan->index()
#8 C:\laragon\www\spkmoora\system\CodeIgniter.php(502): CodeIgniter\CodeIgniter->runController(Object(App\Controllers\PenilaianKaryawan))
#9 C:\laragon\www\spkmoora\system\CodeIgniter.php(361): CodeIgniter\CodeIgniter->handleRequest(NULL, Object(Config\Cache), false)
#10 C:\laragon\www\spkmoora\public\index.php(79): CodeIgniter\CodeIgniter->run()
#11 C:\laragon\www\spkmoora\system\Commands\Server\rewrite.php(47): require_once('C:\\laragon\\www\\...')
#12 {main}
CRITICAL - 2024-06-13 22:18:24 --> CodeIgniter\Database\Exceptions\DatabaseException: Unknown column 'karyawan.karyawan_id' in 'on clause'
in SYSTEMPATH\Database\BaseConnection.php on line 647.
 1 SYSTEMPATH\Database\BaseBuilder.php(1613): CodeIgniter\Database\BaseConnection->query('SELECT `karyawan`.*, `karyawan`.`name`
FROM `penilaian_karyawan`
JOIN `karyawan` ON `karyawan`.`id` = `karyawan`.`karyawan_id`', [], false)
 2 SYSTEMPATH\Model.php(242): CodeIgniter\Database\BaseBuilder->get()
 3 SYSTEMPATH\BaseModel.php(638): CodeIgniter\Model->doFindAll(0, 0)
 4 APPPATH\Controllers\PenilaianKaryawan.php(18): CodeIgniter\BaseModel->findAll()
 5 SYSTEMPATH\CodeIgniter.php(941): App\Controllers\PenilaianKaryawan->index()
 6 SYSTEMPATH\CodeIgniter.php(502): CodeIgniter\CodeIgniter->runController(Object(App\Controllers\PenilaianKaryawan))
 7 SYSTEMPATH\CodeIgniter.php(361): CodeIgniter\CodeIgniter->handleRequest(null, Object(Config\Cache), false)
 8 FCPATH\index.php(79): CodeIgniter\CodeIgniter->run()
 9 SYSTEMPATH\Commands\Server\rewrite.php(47): require_once('C:\\laragon\\www\\spkmoora\\public\\index.php')
CRITICAL - 2024-06-13 22:18:24 --> [Caused by] CodeIgniter\Database\Exceptions\DatabaseException: Unknown column 'karyawan.karyawan_id' in 'on clause'
in SYSTEMPATH\Database\MySQLi\Connection.php on line 311.
 1 SYSTEMPATH\Database\BaseConnection.php(693): CodeIgniter\Database\MySQLi\Connection->execute('SELECT `karyawan`.*, `karyawan`.`name`
FROM `penilaian_karyawan`
JOIN `karyawan` ON `karyawan`.`id` = `karyawan`.`karyawan_id`')
 2 SYSTEMPATH\Database\BaseConnection.php(607): CodeIgniter\Database\BaseConnection->simpleQuery('SELECT `karyawan`.*, `karyawan`.`name`
FROM `penilaian_karyawan`
JOIN `karyawan` ON `karyawan`.`id` = `karyawan`.`karyawan_id`')
 3 SYSTEMPATH\Database\BaseBuilder.php(1613): CodeIgniter\Database\BaseConnection->query('SELECT `karyawan`.*, `karyawan`.`name`
FROM `penilaian_karyawan`
JOIN `karyawan` ON `karyawan`.`id` = `karyawan`.`karyawan_id`', [], false)
 4 SYSTEMPATH\Model.php(242): CodeIgniter\Database\BaseBuilder->get()
 5 SYSTEMPATH\BaseModel.php(638): CodeIgniter\Model->doFindAll(0, 0)
 6 APPPATH\Controllers\PenilaianKaryawan.php(18): CodeIgniter\BaseModel->findAll()
 7 SYSTEMPATH\CodeIgniter.php(941): App\Controllers\PenilaianKaryawan->index()
 8 SYSTEMPATH\CodeIgniter.php(502): CodeIgniter\CodeIgniter->runController(Object(App\Controllers\PenilaianKaryawan))
 9 SYSTEMPATH\CodeIgniter.php(361): CodeIgniter\CodeIgniter->handleRequest(null, Object(Config\Cache), false)
10 FCPATH\index.php(79): CodeIgniter\CodeIgniter->run()
11 SYSTEMPATH\Commands\Server\rewrite.php(47): require_once('C:\\laragon\\www\\spkmoora\\public\\index.php')
CRITICAL - 2024-06-13 22:18:24 --> [Caused by] mysqli_sql_exception: Unknown column 'karyawan.karyawan_id' in 'on clause'
in SYSTEMPATH\Database\MySQLi\Connection.php on line 306.
 1 SYSTEMPATH\Database\MySQLi\Connection.php(306): mysqli->query('SELECT `karyawan`.*, `karyawan`.`name`
FROM `penilaian_karyawan`
JOIN `karyawan` ON `karyawan`.`id` = `karyawan`.`karyawan_id`', 0)
 2 SYSTEMPATH\Database\BaseConnection.php(693): CodeIgniter\Database\MySQLi\Connection->execute('SELECT `karyawan`.*, `karyawan`.`name`
FROM `penilaian_karyawan`
JOIN `karyawan` ON `karyawan`.`id` = `karyawan`.`karyawan_id`')
 3 SYSTEMPATH\Database\BaseConnection.php(607): CodeIgniter\Database\BaseConnection->simpleQuery('SELECT `karyawan`.*, `karyawan`.`name`
FROM `penilaian_karyawan`
JOIN `karyawan` ON `karyawan`.`id` = `karyawan`.`karyawan_id`')
 4 SYSTEMPATH\Database\BaseBuilder.php(1613): CodeIgniter\Database\BaseConnection->query('SELECT `karyawan`.*, `karyawan`.`name`
FROM `penilaian_karyawan`
JOIN `karyawan` ON `karyawan`.`id` = `karyawan`.`karyawan_id`', [], false)
 5 SYSTEMPATH\Model.php(242): CodeIgniter\Database\BaseBuilder->get()
 6 SYSTEMPATH\BaseModel.php(638): CodeIgniter\Model->doFindAll(0, 0)
 7 APPPATH\Controllers\PenilaianKaryawan.php(18): CodeIgniter\BaseModel->findAll()
 8 SYSTEMPATH\CodeIgniter.php(941): App\Controllers\PenilaianKaryawan->index()
 9 SYSTEMPATH\CodeIgniter.php(502): CodeIgniter\CodeIgniter->runController(Object(App\Controllers\PenilaianKaryawan))
10 SYSTEMPATH\CodeIgniter.php(361): CodeIgniter\CodeIgniter->handleRequest(null, Object(Config\Cache), false)
11 FCPATH\index.php(79): CodeIgniter\CodeIgniter->run()
12 SYSTEMPATH\Commands\Server\rewrite.php(47): require_once('C:\\laragon\\www\\spkmoora\\public\\index.php')
INFO - 2024-06-13 22:21:30 --> Session: Class initialized using 'CodeIgniter\Session\Handlers\FileHandler' driver.
INFO - 2024-06-13 22:21:35 --> Session: Class initialized using 'CodeIgniter\Session\Handlers\FileHandler' driver.
INFO - 2024-06-13 22:21:38 --> Session: Class initialized using 'CodeIgniter\Session\Handlers\FileHandler' driver.
INFO - 2024-06-13 22:22:44 --> Session: Class initialized using 'CodeIgniter\Session\Handlers\FileHandler' driver.
CRITICAL - 2024-06-13 22:22:45 --> ErrorException: Undefined variable $a
in APPPATH\Views\penilaian_karyawan.php on line 72.
 1 APPPATH\Views\penilaian_karyawan.php(72): CodeIgniter\Debug\Exceptions->errorHandler(2, 'Undefined variable $a', 'C:\\laragon\\www\\spkmoora\\app\\Views\\penilaian_karyawan.php', 72)
 2 SYSTEMPATH\View\View.php(228): include('C:\\laragon\\www\\spkmoora\\app\\Views\\penilaian_karyawan.php')
 3 SYSTEMPATH\View\View.php(231): CodeIgniter\View\View->CodeIgniter\View\{closure}()
 4 SYSTEMPATH\Common.php(1178): CodeIgniter\View\View->render('penilaian_karyawan', [], true)
 5 APPPATH\Controllers\PenilaianKaryawan.php(28): view('penilaian_karyawan', [...])
 6 SYSTEMPATH\CodeIgniter.php(941): App\Controllers\PenilaianKaryawan->index()
 7 SYSTEMPATH\CodeIgniter.php(502): CodeIgniter\CodeIgniter->runController(Object(App\Controllers\PenilaianKaryawan))
 8 SYSTEMPATH\CodeIgniter.php(361): CodeIgniter\CodeIgniter->handleRequest(null, Object(Config\Cache), false)
 9 FCPATH\index.php(79): CodeIgniter\CodeIgniter->run()
10 SYSTEMPATH\Commands\Server\rewrite.php(47): require_once('C:\\laragon\\www\\spkmoora\\public\\index.php')
INFO - 2024-06-13 22:29:33 --> Session: Class initialized using 'CodeIgniter\Session\Handlers\FileHandler' driver.
INFO - 2024-06-13 22:29:39 --> Session: Class initialized using 'CodeIgniter\Session\Handlers\FileHandler' driver.
CRITICAL - 2024-06-13 22:31:12 --> ErrorException: Undefined array key "nama_kriteria"
in APPPATH\Views\penilaian_karyawan.php on line 81.
 1 APPPATH\Views\penilaian_karyawan.php(81): CodeIgniter\Debug\Exceptions->errorHandler(2, 'Undefined array key "nama_kriteria"', 'C:\\laragon\\www\\spkmoora\\app\\Views\\penilaian_karyawan.php', 81)
 2 SYSTEMPATH\View\View.php(228): include('C:\\laragon\\www\\spkmoora\\app\\Views\\penilaian_karyawan.php')
 3 SYSTEMPATH\View\View.php(231): CodeIgniter\View\View->CodeIgniter\View\{closure}()
 4 SYSTEMPATH\Common.php(1178): CodeIgniter\View\View->render('penilaian_karyawan', [], true)
 5 APPPATH\Controllers\PenilaianKaryawan.php(31): view('penilaian_karyawan', [...])
 6 SYSTEMPATH\CodeIgniter.php(941): App\Controllers\PenilaianKaryawan->index()
 7 SYSTEMPATH\CodeIgniter.php(502): CodeIgniter\CodeIgniter->runController(Object(App\Controllers\PenilaianKaryawan))
 8 SYSTEMPATH\CodeIgniter.php(361): CodeIgniter\CodeIgniter->handleRequest(null, Object(Config\Cache), false)
 9 FCPATH\index.php(79): CodeIgniter\CodeIgniter->run()
10 SYSTEMPATH\Commands\Server\rewrite.php(47): require_once('C:\\laragon\\www\\spkmoora\\public\\index.php')
INFO - 2024-06-13 22:35:06 --> Session: Class initialized using 'CodeIgniter\Session\Handlers\FileHandler' driver.
CRITICAL - 2024-06-13 22:37:13 --> ErrorException: Undefined array key "nama_kriteria"
in APPPATH\Views\penilaian_karyawan.php on line 81.
 1 APPPATH\Views\penilaian_karyawan.php(81): CodeIgniter\Debug\Exceptions->errorHandler(2, 'Undefined array key "nama_kriteria"', 'C:\\laragon\\www\\spkmoora\\app\\Views\\penilaian_karyawan.php', 81)
 2 SYSTEMPATH\View\View.php(228): include('C:\\laragon\\www\\spkmoora\\app\\Views\\penilaian_karyawan.php')
 3 SYSTEMPATH\View\View.php(231): CodeIgniter\View\View->CodeIgniter\View\{closure}()
 4 SYSTEMPATH\Common.php(1178): CodeIgniter\View\View->render('penilaian_karyawan', [], true)
 5 APPPATH\Controllers\PenilaianKaryawan.php(33): view('penilaian_karyawan', [...])
 6 SYSTEMPATH\CodeIgniter.php(941): App\Controllers\PenilaianKaryawan->index()
 7 SYSTEMPATH\CodeIgniter.php(502): CodeIgniter\CodeIgniter->runController(Object(App\Controllers\PenilaianKaryawan))
 8 SYSTEMPATH\CodeIgniter.php(361): CodeIgniter\CodeIgniter->handleRequest(null, Object(Config\Cache), false)
 9 FCPATH\index.php(79): CodeIgniter\CodeIgniter->run()
10 SYSTEMPATH\Commands\Server\rewrite.php(47): require_once('C:\\laragon\\www\\spkmoora\\public\\index.php')
CRITICAL - 2024-06-13 22:37:24 --> ErrorException: Undefined array key "nama_kriteria"
in APPPATH\Views\penilaian_karyawan.php on line 81.
 1 APPPATH\Views\penilaian_karyawan.php(81): CodeIgniter\Debug\Exceptions->errorHandler(2, 'Undefined array key "nama_kriteria"', 'C:\\laragon\\www\\spkmoora\\app\\Views\\penilaian_karyawan.php', 81)
 2 SYSTEMPATH\View\View.php(228): include('C:\\laragon\\www\\spkmoora\\app\\Views\\penilaian_karyawan.php')
 3 SYSTEMPATH\View\View.php(231): CodeIgniter\View\View->CodeIgniter\View\{closure}()
 4 SYSTEMPATH\Common.php(1178): CodeIgniter\View\View->render('penilaian_karyawan', [], true)
 5 APPPATH\Controllers\PenilaianKaryawan.php(33): view('penilaian_karyawan', [...])
 6 SYSTEMPATH\CodeIgniter.php(941): App\Controllers\PenilaianKaryawan->index()
 7 SYSTEMPATH\CodeIgniter.php(502): CodeIgniter\CodeIgniter->runController(Object(App\Controllers\PenilaianKaryawan))
 8 SYSTEMPATH\CodeIgniter.php(361): CodeIgniter\CodeIgniter->handleRequest(null, Object(Config\Cache), false)
 9 FCPATH\index.php(79): CodeIgniter\CodeIgniter->run()
10 SYSTEMPATH\Commands\Server\rewrite.php(47): require_once('C:\\laragon\\www\\spkmoora\\public\\index.php')
INFO - 2024-06-13 22:40:02 --> Session: Class initialized using 'CodeIgniter\Session\Handlers\FileHandler' driver.
INFO - 2024-06-13 22:41:24 --> Session: Class initialized using 'CodeIgniter\Session\Handlers\FileHandler' driver.
INFO - 2024-06-13 22:41:29 --> Session: Class initialized using 'CodeIgniter\Session\Handlers\FileHandler' driver.
INFO - 2024-06-13 22:41:35 --> Session: Class initialized using 'CodeIgniter\Session\Handlers\FileHandler' driver.
INFO - 2024-06-13 22:41:40 --> Session: Class initialized using 'CodeIgniter\Session\Handlers\FileHandler' driver.
CRITICAL - 2024-06-13 22:45:26 --> ErrorException: Undefined variable $row
in APPPATH\Views\penilaian_karyawan.php on line 82.
 1 APPPATH\Views\penilaian_karyawan.php(82): CodeIgniter\Debug\Exceptions->errorHandler(2, 'Undefined variable $row', 'C:\\laragon\\www\\spkmoora\\app\\Views\\penilaian_karyawan.php', 82)
 2 SYSTEMPATH\View\View.php(228): include('C:\\laragon\\www\\spkmoora\\app\\Views\\penilaian_karyawan.php')
 3 SYSTEMPATH\View\View.php(231): CodeIgniter\View\View->CodeIgniter\View\{closure}()
 4 SYSTEMPATH\Common.php(1178): CodeIgniter\View\View->render('penilaian_karyawan', [], true)
 5 APPPATH\Controllers\PenilaianKaryawan.php(35): view('penilaian_karyawan', [...])
 6 SYSTEMPATH\CodeIgniter.php(941): App\Controllers\PenilaianKaryawan->index()
 7 SYSTEMPATH\CodeIgniter.php(502): CodeIgniter\CodeIgniter->runController(Object(App\Controllers\PenilaianKaryawan))
 8 SYSTEMPATH\CodeIgniter.php(361): CodeIgniter\CodeIgniter->handleRequest(null, Object(Config\Cache), false)
 9 FCPATH\index.php(79): CodeIgniter\CodeIgniter->run()
10 SYSTEMPATH\Commands\Server\rewrite.php(47): require_once('C:\\laragon\\www\\spkmoora\\public\\index.php')
INFO - 2024-06-13 23:08:59 --> Session: Class initialized using 'CodeIgniter\Session\Handlers\FileHandler' driver.
INFO - 2024-06-13 23:09:08 --> Session: Class initialized using 'CodeIgniter\Session\Handlers\FileHandler' driver.
INFO - 2024-06-13 23:09:15 --> Session: Class initialized using 'CodeIgniter\Session\Handlers\FileHandler' driver.
INFO - 2024-06-13 23:09:21 --> Session: Class initialized using 'CodeIgniter\Session\Handlers\FileHandler' driver.
INFO - 2024-06-13 23:09:24 --> Session: Class initialized using 'CodeIgniter\Session\Handlers\FileHandler' driver.
INFO - 2024-06-13 23:09:31 --> Session: Class initialized using 'CodeIgniter\Session\Handlers\FileHandler' driver.
INFO - 2024-06-13 23:09:39 --> Session: Class initialized using 'CodeIgniter\Session\Handlers\FileHandler' driver.
INFO - 2024-06-13 23:09:47 --> Session: Class initialized using 'CodeIgniter\Session\Handlers\FileHandler' driver.
INFO - 2024-06-13 23:09:54 --> Session: Class initialized using 'CodeIgniter\Session\Handlers\FileHandler' driver.
INFO - 2024-06-13 23:10:04 --> Session: Class initialized using 'CodeIgniter\Session\Handlers\FileHandler' driver.
INFO - 2024-06-13 23:10:11 --> Session: Class initialized using 'CodeIgniter\Session\Handlers\FileHandler' driver.
INFO - 2024-06-13 23:12:00 --> Session: Class initialized using 'CodeIgniter\Session\Handlers\FileHandler' driver.
INFO - 2024-06-13 23:12:00 --> Session: Class initialized using 'CodeIgniter\Session\Handlers\FileHandler' driver.
CRITICAL - 2024-06-13 23:17:43 --> ErrorException: Undefined array key "nama_karyawan"
in APPPATH\Views\penilaian_karyawan.php on line 47.
 1 APPPATH\Views\penilaian_karyawan.php(47): CodeIgniter\Debug\Exceptions->errorHandler(2, 'Undefined array key "nama_karyawan"', 'C:\\laragon\\www\\spkmoora\\app\\Views\\penilaian_karyawan.php', 47)
 2 SYSTEMPATH\View\View.php(228): include('C:\\laragon\\www\\spkmoora\\app\\Views\\penilaian_karyawan.php')
 3 SYSTEMPATH\View\View.php(231): CodeIgniter\View\View->CodeIgniter\View\{closure}()
 4 SYSTEMPATH\Common.php(1178): CodeIgniter\View\View->render('penilaian_karyawan', [], true)
 5 APPPATH\Controllers\PenilaianKaryawan.php(34): view('penilaian_karyawan', [...])
 6 SYSTEMPATH\CodeIgniter.php(941): App\Controllers\PenilaianKaryawan->index()
 7 SYSTEMPATH\CodeIgniter.php(502): CodeIgniter\CodeIgniter->runController(Object(App\Controllers\PenilaianKaryawan))
 8 SYSTEMPATH\CodeIgniter.php(361): CodeIgniter\CodeIgniter->handleRequest(null, Object(Config\Cache), false)
 9 FCPATH\index.php(79): CodeIgniter\CodeIgniter->run()
10 SYSTEMPATH\Commands\Server\rewrite.php(47): require_once('C:\\laragon\\www\\spkmoora\\public\\index.php')
INFO - 2024-06-13 23:20:22 --> Session: Class initialized using 'CodeIgniter\Session\Handlers\FileHandler' driver.
INFO - 2024-06-13 23:20:52 --> Session: Class initialized using 'CodeIgniter\Session\Handlers\FileHandler' driver.
CRITICAL - 2024-06-13 23:24:21 --> ErrorException: Undefined array key "K1"
in APPPATH\Views\penilaian_karyawan.php on line 154.
 1 APPPATH\Views\penilaian_karyawan.php(154): CodeIgniter\Debug\Exceptions->errorHandler(2, 'Undefined array key "K1"', 'C:\\laragon\\www\\spkmoora\\app\\Views\\penilaian_karyawan.php', 154)
 2 SYSTEMPATH\View\View.php(228): include('C:\\laragon\\www\\spkmoora\\app\\Views\\penilaian_karyawan.php')
 3 SYSTEMPATH\View\View.php(231): CodeIgniter\View\View->CodeIgniter\View\{closure}()
 4 SYSTEMPATH\Common.php(1178): CodeIgniter\View\View->render('penilaian_karyawan', [], true)
 5 APPPATH\Controllers\PenilaianKaryawan.php(34): view('penilaian_karyawan', [...])
 6 SYSTEMPATH\CodeIgniter.php(941): App\Controllers\PenilaianKaryawan->index()
 7 SYSTEMPATH\CodeIgniter.php(502): CodeIgniter\CodeIgniter->runController(Object(App\Controllers\PenilaianKaryawan))
 8 SYSTEMPATH\CodeIgniter.php(361): CodeIgniter\CodeIgniter->handleRequest(null, Object(Config\Cache), false)
 9 FCPATH\index.php(79): CodeIgniter\CodeIgniter->run()
10 SYSTEMPATH\Commands\Server\rewrite.php(47): require_once('C:\\laragon\\www\\spkmoora\\public\\index.php')
CRITICAL - 2024-06-13 23:24:29 --> ErrorException: Undefined array key "K1"
in APPPATH\Views\penilaian_karyawan.php on line 154.
 1 APPPATH\Views\penilaian_karyawan.php(154): CodeIgniter\Debug\Exceptions->errorHandler(2, 'Undefined array key "K1"', 'C:\\laragon\\www\\spkmoora\\app\\Views\\penilaian_karyawan.php', 154)
 2 SYSTEMPATH\View\View.php(228): include('C:\\laragon\\www\\spkmoora\\app\\Views\\penilaian_karyawan.php')
 3 SYSTEMPATH\View\View.php(231): CodeIgniter\View\View->CodeIgniter\View\{closure}()
 4 SYSTEMPATH\Common.php(1178): CodeIgniter\View\View->render('penilaian_karyawan', [], true)
 5 APPPATH\Controllers\PenilaianKaryawan.php(34): view('penilaian_karyawan', [...])
 6 SYSTEMPATH\CodeIgniter.php(941): App\Controllers\PenilaianKaryawan->index()
 7 SYSTEMPATH\CodeIgniter.php(502): CodeIgniter\CodeIgniter->runController(Object(App\Controllers\PenilaianKaryawan))
 8 SYSTEMPATH\CodeIgniter.php(361): CodeIgniter\CodeIgniter->handleRequest(null, Object(Config\Cache), false)
 9 FCPATH\index.php(79): CodeIgniter\CodeIgniter->run()
10 SYSTEMPATH\Commands\Server\rewrite.php(47): require_once('C:\\laragon\\www\\spkmoora\\public\\index.php')
CRITICAL - 2024-06-13 23:24:33 --> ErrorException: Undefined array key "K1"
in APPPATH\Views\penilaian_karyawan.php on line 154.
 1 APPPATH\Views\penilaian_karyawan.php(154): CodeIgniter\Debug\Exceptions->errorHandler(2, 'Undefined array key "K1"', 'C:\\laragon\\www\\spkmoora\\app\\Views\\penilaian_karyawan.php', 154)
 2 SYSTEMPATH\View\View.php(228): include('C:\\laragon\\www\\spkmoora\\app\\Views\\penilaian_karyawan.php')
 3 SYSTEMPATH\View\View.php(231): CodeIgniter\View\View->CodeIgniter\View\{closure}()
 4 SYSTEMPATH\Common.php(1178): CodeIgniter\View\View->render('penilaian_karyawan', [], true)
 5 APPPATH\Controllers\PenilaianKaryawan.php(34): view('penilaian_karyawan', [...])
 6 SYSTEMPATH\CodeIgniter.php(941): App\Controllers\PenilaianKaryawan->index()
 7 SYSTEMPATH\CodeIgniter.php(502): CodeIgniter\CodeIgniter->runController(Object(App\Controllers\PenilaianKaryawan))
 8 SYSTEMPATH\CodeIgniter.php(361): CodeIgniter\CodeIgniter->handleRequest(null, Object(Config\Cache), false)
 9 FCPATH\index.php(79): CodeIgniter\CodeIgniter->run()
10 SYSTEMPATH\Commands\Server\rewrite.php(47): require_once('C:\\laragon\\www\\spkmoora\\public\\index.php')
CRITICAL - 2024-06-13 23:24:36 --> ErrorException: Undefined array key "K1"
in APPPATH\Views\penilaian_karyawan.php on line 154.
 1 APPPATH\Views\penilaian_karyawan.php(154): CodeIgniter\Debug\Exceptions->errorHandler(2, 'Undefined array key "K1"', 'C:\\laragon\\www\\spkmoora\\app\\Views\\penilaian_karyawan.php', 154)
 2 SYSTEMPATH\View\View.php(228): include('C:\\laragon\\www\\spkmoora\\app\\Views\\penilaian_karyawan.php')
 3 SYSTEMPATH\View\View.php(231): CodeIgniter\View\View->CodeIgniter\View\{closure}()
 4 SYSTEMPATH\Common.php(1178): CodeIgniter\View\View->render('penilaian_karyawan', [], true)
 5 APPPATH\Controllers\PenilaianKaryawan.php(34): view('penilaian_karyawan', [...])
 6 SYSTEMPATH\CodeIgniter.php(941): App\Controllers\PenilaianKaryawan->index()
 7 SYSTEMPATH\CodeIgniter.php(502): CodeIgniter\CodeIgniter->runController(Object(App\Controllers\PenilaianKaryawan))
 8 SYSTEMPATH\CodeIgniter.php(361): CodeIgniter\CodeIgniter->handleRequest(null, Object(Config\Cache), false)
 9 FCPATH\index.php(79): CodeIgniter\CodeIgniter->run()
10 SYSTEMPATH\Commands\Server\rewrite.php(47): require_once('C:\\laragon\\www\\spkmoora\\public\\index.php')
INFO - 2024-06-13 23:24:37 --> Session: Class initialized using 'CodeIgniter\Session\Handlers\FileHandler' driver.
INFO - 2024-06-13 23:24:42 --> Session: Class initialized using 'CodeIgniter\Session\Handlers\FileHandler' driver.
CRITICAL - 2024-06-13 23:24:48 --> ErrorException: Undefined array key "K1"
in APPPATH\Views\penilaian_karyawan.php on line 154.
 1 APPPATH\Views\penilaian_karyawan.php(154): CodeIgniter\Debug\Exceptions->errorHandler(2, 'Undefined array key "K1"', 'C:\\laragon\\www\\spkmoora\\app\\Views\\penilaian_karyawan.php', 154)
 2 SYSTEMPATH\View\View.php(228): include('C:\\laragon\\www\\spkmoora\\app\\Views\\penilaian_karyawan.php')
 3 SYSTEMPATH\View\View.php(231): CodeIgniter\View\View->CodeIgniter\View\{closure}()
 4 SYSTEMPATH\Common.php(1178): CodeIgniter\View\View->render('penilaian_karyawan', [], true)
 5 APPPATH\Controllers\PenilaianKaryawan.php(34): view('penilaian_karyawan', [...])
 6 SYSTEMPATH\CodeIgniter.php(941): App\Controllers\PenilaianKaryawan->index()
 7 SYSTEMPATH\CodeIgniter.php(502): CodeIgniter\CodeIgniter->runController(Object(App\Controllers\PenilaianKaryawan))
 8 SYSTEMPATH\CodeIgniter.php(361): CodeIgniter\CodeIgniter->handleRequest(null, Object(Config\Cache), false)
 9 FCPATH\index.php(79): CodeIgniter\CodeIgniter->run()
10 SYSTEMPATH\Commands\Server\rewrite.php(47): require_once('C:\\laragon\\www\\spkmoora\\public\\index.php')
INFO - 2024-06-13 23:24:55 --> Session: Class initialized using 'CodeIgniter\Session\Handlers\FileHandler' driver.
INFO - 2024-06-13 23:24:57 --> Session: Class initialized using 'CodeIgniter\Session\Handlers\FileHandler' driver.
INFO - 2024-06-13 23:24:58 --> Session: Class initialized using 'CodeIgniter\Session\Handlers\FileHandler' driver.
CRITICAL - 2024-06-13 23:25:04 --> ErrorException: Undefined array key "K1"
in APPPATH\Views\penilaian_karyawan.php on line 154.
 1 APPPATH\Views\penilaian_karyawan.php(154): CodeIgniter\Debug\Exceptions->errorHandler(2, 'Undefined array key "K1"', 'C:\\laragon\\www\\spkmoora\\app\\Views\\penilaian_karyawan.php', 154)
 2 SYSTEMPATH\View\View.php(228): include('C:\\laragon\\www\\spkmoora\\app\\Views\\penilaian_karyawan.php')
 3 SYSTEMPATH\View\View.php(231): CodeIgniter\View\View->CodeIgniter\View\{closure}()
 4 SYSTEMPATH\Common.php(1178): CodeIgniter\View\View->render('penilaian_karyawan', [], true)
 5 APPPATH\Controllers\PenilaianKaryawan.php(34): view('penilaian_karyawan', [...])
 6 SYSTEMPATH\CodeIgniter.php(941): App\Controllers\PenilaianKaryawan->index()
 7 SYSTEMPATH\CodeIgniter.php(502): CodeIgniter\CodeIgniter->runController(Object(App\Controllers\PenilaianKaryawan))
 8 SYSTEMPATH\CodeIgniter.php(361): CodeIgniter\CodeIgniter->handleRequest(null, Object(Config\Cache), false)
 9 FCPATH\index.php(79): CodeIgniter\CodeIgniter->run()
10 SYSTEMPATH\Commands\Server\rewrite.php(47): require_once('C:\\laragon\\www\\spkmoora\\public\\index.php')
CRITICAL - 2024-06-13 23:26:08 --> ErrorException: Undefined array key "K1"
in APPPATH\Views\penilaian_karyawan.php on line 154.
 1 APPPATH\Views\penilaian_karyawan.php(154): CodeIgniter\Debug\Exceptions->errorHandler(2, 'Undefined array key "K1"', 'C:\\laragon\\www\\spkmoora\\app\\Views\\penilaian_karyawan.php', 154)
 2 SYSTEMPATH\View\View.php(228): include('C:\\laragon\\www\\spkmoora\\app\\Views\\penilaian_karyawan.php')
 3 SYSTEMPATH\View\View.php(231): CodeIgniter\View\View->CodeIgniter\View\{closure}()
 4 SYSTEMPATH\Common.php(1178): CodeIgniter\View\View->render('penilaian_karyawan', [], true)
 5 APPPATH\Controllers\PenilaianKaryawan.php(34): view('penilaian_karyawan', [...])
 6 SYSTEMPATH\CodeIgniter.php(941): App\Controllers\PenilaianKaryawan->index()
 7 SYSTEMPATH\CodeIgniter.php(502): CodeIgniter\CodeIgniter->runController(Object(App\Controllers\PenilaianKaryawan))
 8 SYSTEMPATH\CodeIgniter.php(361): CodeIgniter\CodeIgniter->handleRequest(null, Object(Config\Cache), false)
 9 FCPATH\index.php(79): CodeIgniter\CodeIgniter->run()
10 SYSTEMPATH\Commands\Server\rewrite.php(47): require_once('C:\\laragon\\www\\spkmoora\\public\\index.php')
CRITICAL - 2024-06-13 23:27:09 --> ErrorException: Undefined array key "K1"
in APPPATH\Views\penilaian_karyawan.php on line 154.
 1 APPPATH\Views\penilaian_karyawan.php(154): CodeIgniter\Debug\Exceptions->errorHandler(2, 'Undefined array key "K1"', 'C:\\laragon\\www\\spkmoora\\app\\Views\\penilaian_karyawan.php', 154)
 2 SYSTEMPATH\View\View.php(228): include('C:\\laragon\\www\\spkmoora\\app\\Views\\penilaian_karyawan.php')
 3 SYSTEMPATH\View\View.php(231): CodeIgniter\View\View->CodeIgniter\View\{closure}()
 4 SYSTEMPATH\Common.php(1178): CodeIgniter\View\View->render('penilaian_karyawan', [], true)
 5 APPPATH\Controllers\PenilaianKaryawan.php(34): view('penilaian_karyawan', [...])
 6 SYSTEMPATH\CodeIgniter.php(941): App\Controllers\PenilaianKaryawan->index()
 7 SYSTEMPATH\CodeIgniter.php(502): CodeIgniter\CodeIgniter->runController(Object(App\Controllers\PenilaianKaryawan))
 8 SYSTEMPATH\CodeIgniter.php(361): CodeIgniter\CodeIgniter->handleRequest(null, Object(Config\Cache), false)
 9 FCPATH\index.php(79): CodeIgniter\CodeIgniter->run()
10 SYSTEMPATH\Commands\Server\rewrite.php(47): require_once('C:\\laragon\\www\\spkmoora\\public\\index.php')
CRITICAL - 2024-06-13 23:27:58 --> ErrorException: Undefined array key "K1"
in APPPATH\Views\penilaian_karyawan.php on line 152.
 1 APPPATH\Views\penilaian_karyawan.php(152): CodeIgniter\Debug\Exceptions->errorHandler(2, 'Undefined array key "K1"', 'C:\\laragon\\www\\spkmoora\\app\\Views\\penilaian_karyawan.php', 152)
 2 SYSTEMPATH\View\View.php(228): include('C:\\laragon\\www\\spkmoora\\app\\Views\\penilaian_karyawan.php')
 3 SYSTEMPATH\View\View.php(231): CodeIgniter\View\View->CodeIgniter\View\{closure}()
 4 SYSTEMPATH\Common.php(1178): CodeIgniter\View\View->render('penilaian_karyawan', [], true)
 5 APPPATH\Controllers\PenilaianKaryawan.php(34): view('penilaian_karyawan', [...])
 6 SYSTEMPATH\CodeIgniter.php(941): App\Controllers\PenilaianKaryawan->index()
 7 SYSTEMPATH\CodeIgniter.php(502): CodeIgniter\CodeIgniter->runController(Object(App\Controllers\PenilaianKaryawan))
 8 SYSTEMPATH\CodeIgniter.php(361): CodeIgniter\CodeIgniter->handleRequest(null, Object(Config\Cache), false)
 9 FCPATH\index.php(79): CodeIgniter\CodeIgniter->run()
10 SYSTEMPATH\Commands\Server\rewrite.php(47): require_once('C:\\laragon\\www\\spkmoora\\public\\index.php')
CRITICAL - 2024-06-13 23:29:10 --> ErrorException: Undefined array key "keterangan"
in APPPATH\Views\penilaian_karyawan.php on line 154.
 1 APPPATH\Views\penilaian_karyawan.php(154): CodeIgniter\Debug\Exceptions->errorHandler(2, 'Undefined array key "keterangan"', 'C:\\laragon\\www\\spkmoora\\app\\Views\\penilaian_karyawan.php', 154)
 2 SYSTEMPATH\View\View.php(228): include('C:\\laragon\\www\\spkmoora\\app\\Views\\penilaian_karyawan.php')
 3 SYSTEMPATH\View\View.php(231): CodeIgniter\View\View->CodeIgniter\View\{closure}()
 4 SYSTEMPATH\Common.php(1178): CodeIgniter\View\View->render('penilaian_karyawan', [], true)
 5 APPPATH\Controllers\PenilaianKaryawan.php(34): view('penilaian_karyawan', [...])
 6 SYSTEMPATH\CodeIgniter.php(941): App\Controllers\PenilaianKaryawan->index()
 7 SYSTEMPATH\CodeIgniter.php(502): CodeIgniter\CodeIgniter->runController(Object(App\Controllers\PenilaianKaryawan))
 8 SYSTEMPATH\CodeIgniter.php(361): CodeIgniter\CodeIgniter->handleRequest(null, Object(Config\Cache), false)
 9 FCPATH\index.php(79): CodeIgniter\CodeIgniter->run()
10 SYSTEMPATH\Commands\Server\rewrite.php(47): require_once('C:\\laragon\\www\\spkmoora\\public\\index.php')
CRITICAL - 2024-06-13 23:29:28 --> ErrorException: Undefined array key "Baik"
in APPPATH\Views\penilaian_karyawan.php on line 154.
 1 APPPATH\Views\penilaian_karyawan.php(154): CodeIgniter\Debug\Exceptions->errorHandler(2, 'Undefined array key "Baik"', 'C:\\laragon\\www\\spkmoora\\app\\Views\\penilaian_karyawan.php', 154)
 2 SYSTEMPATH\View\View.php(228): include('C:\\laragon\\www\\spkmoora\\app\\Views\\penilaian_karyawan.php')
 3 SYSTEMPATH\View\View.php(231): CodeIgniter\View\View->CodeIgniter\View\{closure}()
 4 SYSTEMPATH\Common.php(1178): CodeIgniter\View\View->render('penilaian_karyawan', [], true)
 5 APPPATH\Controllers\PenilaianKaryawan.php(34): view('penilaian_karyawan', [...])
 6 SYSTEMPATH\CodeIgniter.php(941): App\Controllers\PenilaianKaryawan->index()
 7 SYSTEMPATH\CodeIgniter.php(502): CodeIgniter\CodeIgniter->runController(Object(App\Controllers\PenilaianKaryawan))
 8 SYSTEMPATH\CodeIgniter.php(361): CodeIgniter\CodeIgniter->handleRequest(null, Object(Config\Cache), false)
 9 FCPATH\index.php(79): CodeIgniter\CodeIgniter->run()
10 SYSTEMPATH\Commands\Server\rewrite.php(47): require_once('C:\\laragon\\www\\spkmoora\\public\\index.php')
INFO - 2024-06-13 23:32:43 --> Session: Class initialized using 'CodeIgniter\Session\Handlers\FileHandler' driver.
CRITICAL - 2024-06-13 23:33:52 --> ErrorException: Undefined array key "K1"
in APPPATH\Views\penilaian_karyawan.php on line 152.
 1 APPPATH\Views\penilaian_karyawan.php(152): CodeIgniter\Debug\Exceptions->errorHandler(2, 'Undefined array key "K1"', 'C:\\laragon\\www\\spkmoora\\app\\Views\\penilaian_karyawan.php', 152)
 2 SYSTEMPATH\View\View.php(228): include('C:\\laragon\\www\\spkmoora\\app\\Views\\penilaian_karyawan.php')
 3 SYSTEMPATH\View\View.php(231): CodeIgniter\View\View->CodeIgniter\View\{closure}()
 4 SYSTEMPATH\Common.php(1178): CodeIgniter\View\View->render('penilaian_karyawan', [], true)
 5 APPPATH\Controllers\PenilaianKaryawan.php(34): view('penilaian_karyawan', [...])
 6 SYSTEMPATH\CodeIgniter.php(941): App\Controllers\PenilaianKaryawan->index()
 7 SYSTEMPATH\CodeIgniter.php(502): CodeIgniter\CodeIgniter->runController(Object(App\Controllers\PenilaianKaryawan))
 8 SYSTEMPATH\CodeIgniter.php(361): CodeIgniter\CodeIgniter->handleRequest(null, Object(Config\Cache), false)
 9 FCPATH\index.php(79): CodeIgniter\CodeIgniter->run()
10 SYSTEMPATH\Commands\Server\rewrite.php(47): require_once('C:\\laragon\\www\\spkmoora\\public\\index.php')
CRITICAL - 2024-06-13 23:35:11 --> ErrorException: Undefined array key "K1"
in APPPATH\Views\penilaian_karyawan.php on line 153.
 1 APPPATH\Views\penilaian_karyawan.php(153): CodeIgniter\Debug\Exceptions->errorHandler(2, 'Undefined array key "K1"', 'C:\\laragon\\www\\spkmoora\\app\\Views\\penilaian_karyawan.php', 153)
 2 SYSTEMPATH\View\View.php(228): include('C:\\laragon\\www\\spkmoora\\app\\Views\\penilaian_karyawan.php')
 3 SYSTEMPATH\View\View.php(231): CodeIgniter\View\View->CodeIgniter\View\{closure}()
 4 SYSTEMPATH\Common.php(1178): CodeIgniter\View\View->render('penilaian_karyawan', [], true)
 5 APPPATH\Controllers\PenilaianKaryawan.php(34): view('penilaian_karyawan', [...])
 6 SYSTEMPATH\CodeIgniter.php(941): App\Controllers\PenilaianKaryawan->index()
 7 SYSTEMPATH\CodeIgniter.php(502): CodeIgniter\CodeIgniter->runController(Object(App\Controllers\PenilaianKaryawan))
 8 SYSTEMPATH\CodeIgniter.php(361): CodeIgniter\CodeIgniter->handleRequest(null, Object(Config\Cache), false)
 9 FCPATH\index.php(79): CodeIgniter\CodeIgniter->run()
10 SYSTEMPATH\Commands\Server\rewrite.php(47): require_once('C:\\laragon\\www\\spkmoora\\public\\index.php')
CRITICAL - 2024-06-13 23:35:13 --> ErrorException: Undefined array key "K1"
in APPPATH\Views\penilaian_karyawan.php on line 153.
 1 APPPATH\Views\penilaian_karyawan.php(153): CodeIgniter\Debug\Exceptions->errorHandler(2, 'Undefined array key "K1"', 'C:\\laragon\\www\\spkmoora\\app\\Views\\penilaian_karyawan.php', 153)
 2 SYSTEMPATH\View\View.php(228): include('C:\\laragon\\www\\spkmoora\\app\\Views\\penilaian_karyawan.php')
 3 SYSTEMPATH\View\View.php(231): CodeIgniter\View\View->CodeIgniter\View\{closure}()
 4 SYSTEMPATH\Common.php(1178): CodeIgniter\View\View->render('penilaian_karyawan', [], true)
 5 APPPATH\Controllers\PenilaianKaryawan.php(34): view('penilaian_karyawan', [...])
 6 SYSTEMPATH\CodeIgniter.php(941): App\Controllers\PenilaianKaryawan->index()
 7 SYSTEMPATH\CodeIgniter.php(502): CodeIgniter\CodeIgniter->runController(Object(App\Controllers\PenilaianKaryawan))
 8 SYSTEMPATH\CodeIgniter.php(361): CodeIgniter\CodeIgniter->handleRequest(null, Object(Config\Cache), false)
 9 FCPATH\index.php(79): CodeIgniter\CodeIgniter->run()
10 SYSTEMPATH\Commands\Server\rewrite.php(47): require_once('C:\\laragon\\www\\spkmoora\\public\\index.php')
CRITICAL - 2024-06-13 23:37:14 --> ErrorException: Undefined array key "K1"
in APPPATH\Views\penilaian_karyawan.php on line 153.
 1 APPPATH\Views\penilaian_karyawan.php(153): CodeIgniter\Debug\Exceptions->errorHandler(2, 'Undefined array key "K1"', 'C:\\laragon\\www\\spkmoora\\app\\Views\\penilaian_karyawan.php', 153)
 2 SYSTEMPATH\View\View.php(228): include('C:\\laragon\\www\\spkmoora\\app\\Views\\penilaian_karyawan.php')
 3 SYSTEMPATH\View\View.php(231): CodeIgniter\View\View->CodeIgniter\View\{closure}()
 4 SYSTEMPATH\Common.php(1178): CodeIgniter\View\View->render('penilaian_karyawan', [], true)
 5 APPPATH\Controllers\PenilaianKaryawan.php(34): view('penilaian_karyawan', [...])
 6 SYSTEMPATH\CodeIgniter.php(941): App\Controllers\PenilaianKaryawan->index()
 7 SYSTEMPATH\CodeIgniter.php(502): CodeIgniter\CodeIgniter->runController(Object(App\Controllers\PenilaianKaryawan))
 8 SYSTEMPATH\CodeIgniter.php(361): CodeIgniter\CodeIgniter->handleRequest(null, Object(Config\Cache), false)
 9 FCPATH\index.php(79): CodeIgniter\CodeIgniter->run()
10 SYSTEMPATH\Commands\Server\rewrite.php(47): require_once('C:\\laragon\\www\\spkmoora\\public\\index.php')
CRITICAL - 2024-06-13 23:38:10 --> ErrorException: Undefined variable $a
in APPPATH\Views\penilaian_karyawan.php on line 119.
 1 APPPATH\Views\penilaian_karyawan.php(119): CodeIgniter\Debug\Exceptions->errorHandler(2, 'Undefined variable $a', 'C:\\laragon\\www\\spkmoora\\app\\Views\\penilaian_karyawan.php', 119)
 2 SYSTEMPATH\View\View.php(228): include('C:\\laragon\\www\\spkmoora\\app\\Views\\penilaian_karyawan.php')
 3 SYSTEMPATH\View\View.php(231): CodeIgniter\View\View->CodeIgniter\View\{closure}()
 4 SYSTEMPATH\Common.php(1178): CodeIgniter\View\View->render('penilaian_karyawan', [], true)
 5 APPPATH\Controllers\PenilaianKaryawan.php(34): view('penilaian_karyawan', [...])
 6 SYSTEMPATH\CodeIgniter.php(941): App\Controllers\PenilaianKaryawan->index()
 7 SYSTEMPATH\CodeIgniter.php(502): CodeIgniter\CodeIgniter->runController(Object(App\Controllers\PenilaianKaryawan))
 8 SYSTEMPATH\CodeIgniter.php(361): CodeIgniter\CodeIgniter->handleRequest(null, Object(Config\Cache), false)
 9 FCPATH\index.php(79): CodeIgniter\CodeIgniter->run()
10 SYSTEMPATH\Commands\Server\rewrite.php(47): require_once('C:\\laragon\\www\\spkmoora\\public\\index.php')
INFO - 2024-06-13 23:38:22 --> Session: Class initialized using 'CodeIgniter\Session\Handlers\FileHandler' driver.
CRITICAL - 2024-06-13 23:38:24 --> ErrorException: Undefined variable $a
in APPPATH\Views\penilaian_karyawan.php on line 119.
 1 APPPATH\Views\penilaian_karyawan.php(119): CodeIgniter\Debug\Exceptions->errorHandler(2, 'Undefined variable $a', 'C:\\laragon\\www\\spkmoora\\app\\Views\\penilaian_karyawan.php', 119)
 2 SYSTEMPATH\View\View.php(228): include('C:\\laragon\\www\\spkmoora\\app\\Views\\penilaian_karyawan.php')
 3 SYSTEMPATH\View\View.php(231): CodeIgniter\View\View->CodeIgniter\View\{closure}()
 4 SYSTEMPATH\Common.php(1178): CodeIgniter\View\View->render('penilaian_karyawan', [], true)
 5 APPPATH\Controllers\PenilaianKaryawan.php(34): view('penilaian_karyawan', [...])
 6 SYSTEMPATH\CodeIgniter.php(941): App\Controllers\PenilaianKaryawan->index()
 7 SYSTEMPATH\CodeIgniter.php(502): CodeIgniter\CodeIgniter->runController(Object(App\Controllers\PenilaianKaryawan))
 8 SYSTEMPATH\CodeIgniter.php(361): CodeIgniter\CodeIgniter->handleRequest(null, Object(Config\Cache), false)
 9 FCPATH\index.php(79): CodeIgniter\CodeIgniter->run()
10 SYSTEMPATH\Commands\Server\rewrite.php(47): require_once('C:\\laragon\\www\\spkmoora\\public\\index.php')
CRITICAL - 2024-06-13 23:53:58 --> ErrorException: Undefined array key "K1"
in APPPATH\Views\penilaian_karyawan.php on line 154.
 1 APPPATH\Views\penilaian_karyawan.php(154): CodeIgniter\Debug\Exceptions->errorHandler(2, 'Undefined array key "K1"', 'C:\\laragon\\www\\spkmoora\\app\\Views\\penilaian_karyawan.php', 154)
 2 SYSTEMPATH\View\View.php(228): include('C:\\laragon\\www\\spkmoora\\app\\Views\\penilaian_karyawan.php')
 3 SYSTEMPATH\View\View.php(231): CodeIgniter\View\View->CodeIgniter\View\{closure}()
 4 SYSTEMPATH\Common.php(1178): CodeIgniter\View\View->render('penilaian_karyawan', [], true)
 5 APPPATH\Controllers\PenilaianKaryawan.php(34): view('penilaian_karyawan', [...])
 6 SYSTEMPATH\CodeIgniter.php(941): App\Controllers\PenilaianKaryawan->index()
 7 SYSTEMPATH\CodeIgniter.php(502): CodeIgniter\CodeIgniter->runController(Object(App\Controllers\PenilaianKaryawan))
 8 SYSTEMPATH\CodeIgniter.php(361): CodeIgniter\CodeIgniter->handleRequest(null, Object(Config\Cache), false)
 9 FCPATH\index.php(79): CodeIgniter\CodeIgniter->run()
10 SYSTEMPATH\Commands\Server\rewrite.php(47): require_once('C:\\laragon\\www\\spkmoora\\public\\index.php')
