CRITICAL - 2024-06-08 00:07:48 --> ErrorException: Undefined variable $kriteria
in APPPATH\Views\sub_kriteria.php on line 37.
 1 APPPATH\Views\sub_kriteria.php(37): CodeIgniter\Debug\Exceptions->errorHandler(2, 'Undefined variable $kriteria', 'C:\\laragon\\www\\SPK_MOORA\\app\\Views\\sub_kriteria.php', 37)
 2 SYSTEMPATH\View\View.php(228): include('C:\\laragon\\www\\SPK_MOORA\\app\\Views\\sub_kriteria.php')
 3 SYSTEMPATH\View\View.php(231): CodeIgniter\View\View->CodeIgniter\View\{closure}()
 4 SYSTEMPATH\Common.php(1178): CodeIgniter\View\View->render('sub_kriteria', [], true)
 5 APPPATH\Controllers\SubKriteria.php(9): view('sub_kriteria')
 6 SYSTEMPATH\CodeIgniter.php(941): App\Controllers\SubKriteria->index()
 7 SYSTEMPATH\CodeIgniter.php(502): CodeIgniter\CodeIgniter->runController(Object(App\Controllers\SubKriteria))
 8 SYSTEMPATH\CodeIgniter.php(361): CodeIgniter\CodeIgniter->handleRequest(null, Object(Config\Cache), false)
 9 FCPATH\index.php(79): CodeIgniter\CodeIgniter->run()
10 SYSTEMPATH\Commands\Server\rewrite.php(47): require_once('C:\\laragon\\www\\SPK_MOORA\\public\\index.php')
INFO - 2024-06-08 00:10:04 --> Session: Class initialized using 'CodeIgniter\Session\Handlers\FileHandler' driver.
CRITICAL - 2024-06-08 00:13:38 --> ErrorException: Undefined variable $kriteria
in APPPATH\Views\sub_kriteria.php on line 19.
 1 APPPATH\Views\sub_kriteria.php(19): CodeIgniter\Debug\Exceptions->errorHandler(2, 'Undefined variable $kriteria', 'C:\\laragon\\www\\SPK_MOORA\\app\\Views\\sub_kriteria.php', 19)
 2 SYSTEMPATH\View\View.php(228): include('C:\\laragon\\www\\SPK_MOORA\\app\\Views\\sub_kriteria.php')
 3 SYSTEMPATH\View\View.php(231): CodeIgniter\View\View->CodeIgniter\View\{closure}()
 4 SYSTEMPATH\Common.php(1178): CodeIgniter\View\View->render('sub_kriteria', [], true)
 5 APPPATH\Controllers\SubKriteria.php(9): view('sub_kriteria')
 6 SYSTEMPATH\CodeIgniter.php(941): App\Controllers\SubKriteria->index()
 7 SYSTEMPATH\CodeIgniter.php(502): CodeIgniter\CodeIgniter->runController(Object(App\Controllers\SubKriteria))
 8 SYSTEMPATH\CodeIgniter.php(361): CodeIgniter\CodeIgniter->handleRequest(null, Object(Config\Cache), false)
 9 FCPATH\index.php(79): CodeIgniter\CodeIgniter->run()
10 SYSTEMPATH\Commands\Server\rewrite.php(47): require_once('C:\\laragon\\www\\SPK_MOORA\\public\\index.php')
CRITICAL - 2024-06-08 00:15:36 --> ErrorException: Undefined variable $kriteria
in APPPATH\Views\sub_kriteria.php on line 19.
 1 APPPATH\Views\sub_kriteria.php(19): CodeIgniter\Debug\Exceptions->errorHandler(2, 'Undefined variable $kriteria', 'C:\\laragon\\www\\SPK_MOORA\\app\\Views\\sub_kriteria.php', 19)
 2 SYSTEMPATH\View\View.php(228): include('C:\\laragon\\www\\SPK_MOORA\\app\\Views\\sub_kriteria.php')
 3 SYSTEMPATH\View\View.php(231): CodeIgniter\View\View->CodeIgniter\View\{closure}()
 4 SYSTEMPATH\Common.php(1178): CodeIgniter\View\View->render('sub_kriteria', [], true)
 5 APPPATH\Controllers\SubKriteria.php(9): view('sub_kriteria')
 6 SYSTEMPATH\CodeIgniter.php(941): App\Controllers\SubKriteria->index()
 7 SYSTEMPATH\CodeIgniter.php(502): CodeIgniter\CodeIgniter->runController(Object(App\Controllers\SubKriteria))
 8 SYSTEMPATH\CodeIgniter.php(361): CodeIgniter\CodeIgniter->handleRequest(null, Object(Config\Cache), false)
 9 FCPATH\index.php(79): CodeIgniter\CodeIgniter->run()
10 SYSTEMPATH\Commands\Server\rewrite.php(47): require_once('C:\\laragon\\www\\SPK_MOORA\\public\\index.php')
CRITICAL - 2024-06-08 00:20:49 --> ErrorException: Undefined variable $kriteria
in APPPATH\Views\sub_kriteria.php on line 4.
 1 APPPATH\Views\sub_kriteria.php(4): CodeIgniter\Debug\Exceptions->errorHandler(2, 'Undefined variable $kriteria', 'C:\\laragon\\www\\SPK_MOORA\\app\\Views\\sub_kriteria.php', 4)
 2 SYSTEMPATH\View\View.php(228): include('C:\\laragon\\www\\SPK_MOORA\\app\\Views\\sub_kriteria.php')
 3 SYSTEMPATH\View\View.php(231): CodeIgniter\View\View->CodeIgniter\View\{closure}()
 4 SYSTEMPATH\Common.php(1178): CodeIgniter\View\View->render('sub_kriteria', [], true)
 5 APPPATH\Controllers\SubKriteria.php(9): view('sub_kriteria')
 6 SYSTEMPATH\CodeIgniter.php(941): App\Controllers\SubKriteria->index()
 7 SYSTEMPATH\CodeIgniter.php(502): CodeIgniter\CodeIgniter->runController(Object(App\Controllers\SubKriteria))
 8 SYSTEMPATH\CodeIgniter.php(361): CodeIgniter\CodeIgniter->handleRequest(null, Object(Config\Cache), false)
 9 FCPATH\index.php(79): CodeIgniter\CodeIgniter->run()
10 SYSTEMPATH\Commands\Server\rewrite.php(47): require_once('C:\\laragon\\www\\SPK_MOORA\\public\\index.php')
CRITICAL - 2024-06-08 00:30:15 --> ErrorException: Undefined variable $kriteria
in APPPATH\Views\sub_kriteria.php on line 4.
 1 APPPATH\Views\sub_kriteria.php(4): CodeIgniter\Debug\Exceptions->errorHandler(2, 'Undefined variable $kriteria', 'C:\\laragon\\www\\SPK_MOORA\\app\\Views\\sub_kriteria.php', 4)
 2 SYSTEMPATH\View\View.php(228): include('C:\\laragon\\www\\SPK_MOORA\\app\\Views\\sub_kriteria.php')
 3 SYSTEMPATH\View\View.php(231): CodeIgniter\View\View->CodeIgniter\View\{closure}()
 4 SYSTEMPATH\Common.php(1178): CodeIgniter\View\View->render('sub_kriteria', [], true)
 5 APPPATH\Controllers\SubKriteria.php(9): view('sub_kriteria')
 6 SYSTEMPATH\CodeIgniter.php(941): App\Controllers\SubKriteria->index()
 7 SYSTEMPATH\CodeIgniter.php(502): CodeIgniter\CodeIgniter->runController(Object(App\Controllers\SubKriteria))
 8 SYSTEMPATH\CodeIgniter.php(361): CodeIgniter\CodeIgniter->handleRequest(null, Object(Config\Cache), false)
 9 FCPATH\index.php(79): CodeIgniter\CodeIgniter->run()
10 SYSTEMPATH\Commands\Server\rewrite.php(47): require_once('C:\\laragon\\www\\SPK_MOORA\\public\\index.php')
CRITICAL - 2024-06-08 00:34:18 --> ErrorException: Undefined variable $kriteria
in APPPATH\Views\sub_kriteria.php on line 4.
 1 APPPATH\Views\sub_kriteria.php(4): CodeIgniter\Debug\Exceptions->errorHandler(2, 'Undefined variable $kriteria', 'C:\\laragon\\www\\SPK_MOORA\\app\\Views\\sub_kriteria.php', 4)
 2 SYSTEMPATH\View\View.php(228): include('C:\\laragon\\www\\SPK_MOORA\\app\\Views\\sub_kriteria.php')
 3 SYSTEMPATH\View\View.php(231): CodeIgniter\View\View->CodeIgniter\View\{closure}()
 4 SYSTEMPATH\Common.php(1178): CodeIgniter\View\View->render('sub_kriteria', [], true)
 5 APPPATH\Controllers\SubKriteria.php(12): view('sub_kriteria')
 6 SYSTEMPATH\CodeIgniter.php(941): App\Controllers\SubKriteria->index()
 7 SYSTEMPATH\CodeIgniter.php(502): CodeIgniter\CodeIgniter->runController(Object(App\Controllers\SubKriteria))
 8 SYSTEMPATH\CodeIgniter.php(361): CodeIgniter\CodeIgniter->handleRequest(null, Object(Config\Cache), false)
 9 FCPATH\index.php(79): CodeIgniter\CodeIgniter->run()
10 SYSTEMPATH\Commands\Server\rewrite.php(47): require_once('C:\\laragon\\www\\SPK_MOORA\\public\\index.php')
CRITICAL - 2024-06-08 00:36:04 --> BadMethodCallException: Call to undefined method App\Models\KriteriaModel::getAllKriteria
in SYSTEMPATH\Model.php on line 874.
 1 APPPATH\Controllers\SubKriteria.php(20): CodeIgniter\Model->__call('getAllKriteria', [])
 2 SYSTEMPATH\CodeIgniter.php(941): App\Controllers\SubKriteria->index()
 3 SYSTEMPATH\CodeIgniter.php(502): CodeIgniter\CodeIgniter->runController(Object(App\Controllers\SubKriteria))
 4 SYSTEMPATH\CodeIgniter.php(361): CodeIgniter\CodeIgniter->handleRequest(null, Object(Config\Cache), false)
 5 FCPATH\index.php(79): CodeIgniter\CodeIgniter->run()
 6 SYSTEMPATH\Commands\Server\rewrite.php(47): require_once('C:\\laragon\\www\\SPK_MOORA\\public\\index.php')
INFO - 2024-06-08 01:49:28 --> Session: Class initialized using 'CodeIgniter\Session\Handlers\FileHandler' driver.
